2018-11-13 11:01:40.762 |-INFO  [restartedMain] com.wndz.application.WndzApplication [48] -| Starting WndzApplication on P-V-7 with PID 384132 (D:\eclipse\6.0qc\springBootDemo\target\classes started by Administrator in D:\eclipse\6.0qc\springBootDemo)
2018-11-13 11:01:40.763 |-INFO  [restartedMain] com.wndz.application.WndzApplication [597] -| The following profiles are active: test
2018-11-13 11:01:41.021 |-INFO  [restartedMain] org.springframework.boot.context.embedded.AnnotationConfigEmbeddedWebApplicationContext [583] -| Refreshing org.springframework.boot.context.embedded.AnnotationConfigEmbeddedWebApplicationContext@61b7ba21: startup date [Tue Nov 13 11:01:41 CST 2018]; root of context hierarchy
2018-11-13 11:01:41.068 |-INFO  [background-preinit] org.hibernate.validator.internal.util.Version [30] -| HV000001: Hibernate Validator 5.3.5.Final
2018-11-13 11:01:42.480 |-INFO  [restartedMain] org.springframework.context.support.PostProcessorRegistrationDelegate$BeanPostProcessorChecker [325] -| Bean 'org.springframework.transaction.annotation.ProxyTransactionManagementConfiguration' of type [org.springframework.transaction.annotation.ProxyTransactionManagementConfiguration$$EnhancerBySpringCGLIB$$e4813199] is not eligible for getting processed by all BeanPostProcessors (for example: not eligible for auto-proxying)
2018-11-13 11:01:42.998 |-INFO  [restartedMain] org.springframework.boot.context.embedded.tomcat.TomcatEmbeddedServletContainer [89] -| Tomcat initialized with port(s): 8080 (http)
2018-11-13 11:01:43.010 |-INFO  [restartedMain] org.apache.catalina.core.StandardService [179] -| Starting service [Tomcat]
2018-11-13 11:01:43.011 |-INFO  [restartedMain] org.apache.catalina.core.StandardEngine [179] -| Starting Servlet Engine: Apache Tomcat/8.5.20
2018-11-13 11:01:43.115 |-INFO  [localhost-startStop-1] org.apache.catalina.core.ContainerBase.[Tomcat].[localhost].[/] [179] -| Initializing Spring embedded WebApplicationContext
2018-11-13 11:01:43.115 |-INFO  [localhost-startStop-1] org.springframework.web.context.ContextLoader [276] -| Root WebApplicationContext: initialization completed in 2094 ms
2018-11-13 11:01:43.290 |-INFO  [localhost-startStop-1] org.springframework.boot.web.servlet.ServletRegistrationBean [190] -| Mapping servlet: 'servletTest' to [/servletTest]
2018-11-13 11:01:43.292 |-INFO  [localhost-startStop-1] org.springframework.boot.web.servlet.ServletRegistrationBean [190] -| Mapping servlet: 'dispatcherServlet' to [/]
2018-11-13 11:01:43.295 |-INFO  [localhost-startStop-1] org.springframework.boot.web.servlet.FilterRegistrationBean [258] -| Mapping filter: 'characterEncodingFilter' to: [/*]
2018-11-13 11:01:43.295 |-INFO  [localhost-startStop-1] org.springframework.boot.web.servlet.FilterRegistrationBean [258] -| Mapping filter: 'hiddenHttpMethodFilter' to: [/*]
2018-11-13 11:01:43.295 |-INFO  [localhost-startStop-1] org.springframework.boot.web.servlet.FilterRegistrationBean [258] -| Mapping filter: 'httpPutFormContentFilter' to: [/*]
2018-11-13 11:01:43.295 |-INFO  [localhost-startStop-1] org.springframework.boot.web.servlet.FilterRegistrationBean [258] -| Mapping filter: 'requestContextFilter' to: [/*]
2018-11-13 11:01:43.838 |-INFO  [restartedMain] org.springframework.web.servlet.view.freemarker.FreeMarkerConfigurer [127] -| ClassTemplateLoader for Spring macros added to FreeMarker configuration
2018-11-13 11:01:44.309 |-INFO  [restartedMain] org.springframework.web.servlet.mvc.method.annotation.RequestMappingHandlerMapping [543] -| Mapped "{[/testjson]}" onto public com.wndz.bean.Wndz com.wndz.application.HelloController.test()
2018-11-13 11:01:44.312 |-INFO  [restartedMain] org.springframework.web.servlet.mvc.method.annotation.RequestMappingHandlerMapping [543] -| Mapped "{[/download]}" onto public java.lang.String com.wndz.application.HelloController.download(javax.servlet.http.HttpServletRequest,javax.servlet.http.HttpServletResponse)
2018-11-13 11:01:44.312 |-INFO  [restartedMain] org.springframework.web.servlet.mvc.method.annotation.RequestMappingHandlerMapping [543] -| Mapped "{[/pub/{name}],methods=[GET]}" onto public com.wndz.bean.Wndz com.wndz.application.HelloController.pub(java.lang.String)
2018-11-13 11:01:44.312 |-INFO  [restartedMain] org.springframework.web.servlet.mvc.method.annotation.RequestMappingHandlerMapping [543] -| Mapped "{[/helloworld2]}" onto public java.lang.String com.wndz.application.HelloController.hello2()
2018-11-13 11:01:44.313 |-INFO  [restartedMain] org.springframework.web.servlet.mvc.method.annotation.RequestMappingHandlerMapping [543] -| Mapped "{[/helloworld3]}" onto public java.lang.String com.wndz.application.HelloController.hello3(java.util.Map<java.lang.String, java.lang.String>)
2018-11-13 11:01:44.313 |-INFO  [restartedMain] org.springframework.web.servlet.mvc.method.annotation.RequestMappingHandlerMapping [543] -| Mapped "{[/helloworld4]}" onto public java.lang.String com.wndz.application.HelloController.hello4()
2018-11-13 11:01:44.314 |-INFO  [restartedMain] org.springframework.web.servlet.mvc.method.annotation.RequestMappingHandlerMapping [543] -| Mapped "{[/upload]}" onto public java.lang.String com.wndz.application.HelloController.upload(org.springframework.web.multipart.MultipartFile,javax.servlet.http.HttpServletRequest)
2018-11-13 11:01:44.314 |-INFO  [restartedMain] org.springframework.web.servlet.mvc.method.annotation.RequestMappingHandlerMapping [543] -| Mapped "{[/helloworld5]}" onto public java.lang.String com.wndz.application.HelloController.hello5()
2018-11-13 11:01:44.314 |-INFO  [restartedMain] org.springframework.web.servlet.mvc.method.annotation.RequestMappingHandlerMapping [543] -| Mapped "{[/helloworld]}" onto public java.lang.String com.wndz.application.HelloController.hello()
2018-11-13 11:01:44.314 |-INFO  [restartedMain] org.springframework.web.servlet.mvc.method.annotation.RequestMappingHandlerMapping [543] -| Mapped "{[/helloworld7]}" onto public java.lang.String com.wndz.application.HelloController.hello7()
2018-11-13 11:01:44.314 |-INFO  [restartedMain] org.springframework.web.servlet.mvc.method.annotation.RequestMappingHandlerMapping [543] -| Mapped "{[/helloworld6]}" onto public java.lang.String com.wndz.application.HelloController.hello6()
2018-11-13 11:01:44.320 |-INFO  [restartedMain] org.springframework.web.servlet.mvc.method.annotation.RequestMappingHandlerMapping [543] -| Mapped "{[/swagger-resources/configuration/security]}" onto public org.springframework.http.ResponseEntity<springfox.documentation.swagger.web.SecurityConfiguration> springfox.documentation.swagger.web.ApiResourceController.securityConfiguration()
2018-11-13 11:01:44.321 |-INFO  [restartedMain] org.springframework.web.servlet.mvc.method.annotation.RequestMappingHandlerMapping [543] -| Mapped "{[/swagger-resources/configuration/ui]}" onto public org.springframework.http.ResponseEntity<springfox.documentation.swagger.web.UiConfiguration> springfox.documentation.swagger.web.ApiResourceController.uiConfiguration()
2018-11-13 11:01:44.322 |-INFO  [restartedMain] org.springframework.web.servlet.mvc.method.annotation.RequestMappingHandlerMapping [543] -| Mapped "{[/swagger-resources]}" onto public org.springframework.http.ResponseEntity<java.util.List<springfox.documentation.swagger.web.SwaggerResource>> springfox.documentation.swagger.web.ApiResourceController.swaggerResources()
2018-11-13 11:01:44.325 |-INFO  [restartedMain] org.springframework.web.servlet.mvc.method.annotation.RequestMappingHandlerMapping [543] -| Mapped "{[/error]}" onto public org.springframework.http.ResponseEntity<java.util.Map<java.lang.String, java.lang.Object>> org.springframework.boot.autoconfigure.web.BasicErrorController.error(javax.servlet.http.HttpServletRequest)
2018-11-13 11:01:44.326 |-INFO  [restartedMain] org.springframework.web.servlet.mvc.method.annotation.RequestMappingHandlerMapping [543] -| Mapped "{[/error],produces=[text/html]}" onto public org.springframework.web.servlet.ModelAndView org.springframework.boot.autoconfigure.web.BasicErrorController.errorHtml(javax.servlet.http.HttpServletRequest,javax.servlet.http.HttpServletResponse)
2018-11-13 11:01:44.497 |-INFO  [restartedMain] springfox.documentation.spring.web.PropertySourcedRequestMappingHandlerMapping [69] -| Mapped URL path [/v2/api-docs] onto method [public org.springframework.http.ResponseEntity<springfox.documentation.spring.web.json.Json> springfox.documentation.swagger2.web.Swagger2Controller.getDocumentation(java.lang.String,javax.servlet.http.HttpServletRequest)]
2018-11-13 11:01:44.592 |-INFO  [restartedMain] org.springframework.scheduling.concurrent.ThreadPoolTaskScheduler [165] -| Initializing ExecutorService  'defaultSockJsTaskScheduler'
2018-11-13 11:01:44.619 |-INFO  [restartedMain] org.springframework.web.socket.server.support.WebSocketHandlerMapping [362] -| Mapped URL path [/webSocketServer/*] onto handler of type [class org.springframework.web.socket.server.support.WebSocketHttpRequestHandler]
2018-11-13 11:01:44.836 |-INFO  [restartedMain] org.springframework.web.servlet.mvc.method.annotation.RequestMappingHandlerAdapter [534] -| Looking for @ControllerAdvice: org.springframework.boot.context.embedded.AnnotationConfigEmbeddedWebApplicationContext@61b7ba21: startup date [Tue Nov 13 11:01:41 CST 2018]; root of context hierarchy
2018-11-13 11:01:44.903 |-INFO  [restartedMain] org.springframework.web.servlet.handler.SimpleUrlHandlerMapping [362] -| Mapped URL path [/webjars/**] onto handler of type [class org.springframework.web.servlet.resource.ResourceHttpRequestHandler]
2018-11-13 11:01:44.903 |-INFO  [restartedMain] org.springframework.web.servlet.handler.SimpleUrlHandlerMapping [362] -| Mapped URL path [/**] onto handler of type [class org.springframework.web.servlet.resource.ResourceHttpRequestHandler]
2018-11-13 11:01:44.938 |-INFO  [restartedMain] org.springframework.web.servlet.mvc.method.annotation.ExceptionHandlerExceptionResolver [273] -| Detected @ExceptionHandler methods in globalDefaultExceptionHandler
2018-11-13 11:01:44.965 |-INFO  [restartedMain] org.springframework.web.servlet.handler.SimpleUrlHandlerMapping [362] -| Mapped URL path [/**/favicon.ico] onto handler of type [class org.springframework.web.servlet.resource.ResourceHttpRequestHandler]
2018-11-13 11:01:45.719 |-INFO  [restartedMain] org.springframework.boot.devtools.autoconfigure.OptionalLiveReloadServer [58] -| LiveReload server is running on port 35729
2018-11-13 11:01:45.773 |-INFO  [restartedMain] org.springframework.jmx.export.annotation.AnnotationMBeanExporter [431] -| Registering beans for JMX exposure on startup
2018-11-13 11:01:45.781 |-INFO  [restartedMain] org.springframework.context.support.DefaultLifecycleProcessor [343] -| Starting beans in phase 2147483647
2018-11-13 11:01:45.781 |-INFO  [restartedMain] springfox.documentation.spring.web.plugins.DocumentationPluginsBootstrapper [147] -| Context refreshed
2018-11-13 11:01:45.801 |-INFO  [restartedMain] springfox.documentation.spring.web.plugins.DocumentationPluginsBootstrapper [150] -| Found 1 custom documentation plugin(s)
2018-11-13 11:01:45.837 |-INFO  [restartedMain] springfox.documentation.spring.web.scanners.ApiListingReferenceScanner [41] -| Scanning for api listing references
2018-11-13 11:01:45.939 |-WARN  [restartedMain] springfox.documentation.spring.web.readers.parameter.ParameterDataTypeReader [86] -| Trying to infer dataType java.util.Map<java.lang.String,java.lang.String>
2018-11-13 11:01:45.946 |-WARN  [restartedMain] springfox.documentation.spring.web.readers.parameter.ParameterDataTypeReader [86] -| Trying to infer dataType java.util.Map<java.lang.String,java.lang.String>
2018-11-13 11:01:45.949 |-WARN  [restartedMain] springfox.documentation.spring.web.readers.parameter.ParameterDataTypeReader [86] -| Trying to infer dataType java.util.Map<java.lang.String,java.lang.String>
2018-11-13 11:01:45.952 |-WARN  [restartedMain] springfox.documentation.spring.web.readers.parameter.ParameterDataTypeReader [86] -| Trying to infer dataType java.util.Map<java.lang.String,java.lang.String>
2018-11-13 11:01:45.956 |-WARN  [restartedMain] springfox.documentation.spring.web.readers.parameter.ParameterDataTypeReader [86] -| Trying to infer dataType java.util.Map<java.lang.String,java.lang.String>
2018-11-13 11:01:45.959 |-WARN  [restartedMain] springfox.documentation.spring.web.readers.parameter.ParameterDataTypeReader [86] -| Trying to infer dataType java.util.Map<java.lang.String,java.lang.String>
2018-11-13 11:01:45.963 |-WARN  [restartedMain] springfox.documentation.spring.web.readers.parameter.ParameterDataTypeReader [86] -| Trying to infer dataType java.util.Map<java.lang.String,java.lang.String>
2018-11-13 11:01:45.967 |-WARN  [restartedMain] springfox.documentation.spring.web.readers.parameter.ParameterDataTypeReader [86] -| Trying to infer dataType java.util.Map<java.lang.String,java.lang.String>
2018-11-13 11:01:46.102 |-INFO  [restartedMain] org.apache.coyote.http11.Http11NioProtocol [179] -| Initializing ProtocolHandler ["http-nio-8080"]
2018-11-13 11:01:46.112 |-INFO  [restartedMain] org.apache.coyote.http11.Http11NioProtocol [179] -| Starting ProtocolHandler ["http-nio-8080"]
2018-11-13 11:01:46.121 |-INFO  [restartedMain] org.apache.tomcat.util.net.NioSelectorPool [179] -| Using a shared selector for servlet write/read
2018-11-13 11:01:46.137 |-INFO  [restartedMain] org.springframework.boot.context.embedded.tomcat.TomcatEmbeddedServletContainer [201] -| Tomcat started on port(s): 8080 (http)
2018-11-13 11:01:46.142 |-INFO  [restartedMain] com.wndz.application.WndzApplication [57] -| Started WndzApplication in 5.671 seconds (JVM running for 6.034)
2018-11-13 11:01:48.534 |-INFO  [http-nio-8080-exec-1] org.apache.catalina.core.ContainerBase.[Tomcat].[localhost].[/] [179] -| Initializing Spring FrameworkServlet 'dispatcherServlet'
2018-11-13 11:01:48.534 |-INFO  [http-nio-8080-exec-1] org.springframework.web.servlet.DispatcherServlet [489] -| FrameworkServlet 'dispatcherServlet': initialization started
2018-11-13 11:01:48.562 |-INFO  [http-nio-8080-exec-1] org.springframework.web.servlet.DispatcherServlet [508] -| FrameworkServlet 'dispatcherServlet': initialization completed in 28 ms
2018-11-13 11:01:48.623 |-INFO  [http-nio-8080-exec-1] org.thymeleaf.TemplateEngine [825] -| [THYMELEAF] INITIALIZING TEMPLATE ENGINE
2018-11-13 11:01:48.657 |-INFO  [http-nio-8080-exec-1] org.thymeleaf.templateresolver.AbstractTemplateResolver [99] -| [THYMELEAF] INITIALIZING TEMPLATE RESOLVER: org.thymeleaf.spring4.templateresolver.SpringResourceTemplateResolver
2018-11-13 11:01:48.657 |-INFO  [http-nio-8080-exec-1] org.thymeleaf.templateresolver.AbstractTemplateResolver [110] -| [THYMELEAF] TEMPLATE RESOLVER INITIALIZED OK
2018-11-13 11:01:48.657 |-INFO  [http-nio-8080-exec-1] org.thymeleaf.messageresolver.AbstractMessageResolver [72] -| [THYMELEAF] INITIALIZING MESSAGE RESOLVER: org.thymeleaf.spring4.messageresolver.SpringMessageResolver
2018-11-13 11:01:48.657 |-INFO  [http-nio-8080-exec-1] org.thymeleaf.messageresolver.AbstractMessageResolver [78] -| [THYMELEAF] MESSAGE RESOLVER INITIALIZED OK
2018-11-13 11:01:48.662 |-INFO  [http-nio-8080-exec-1] org.thymeleaf.TemplateEngine.CONFIG [123] -| [THYMELEAF] TEMPLATE ENGINE CONFIGURATION:
[THYMELEAF] * Cache Factory implementation: org.thymeleaf.cache.StandardCacheManager
[THYMELEAF] * Template modes:
[THYMELEAF]     * LEGACYHTML5
[THYMELEAF]     * XML
[THYMELEAF]     * XHTML
[THYMELEAF]     * VALIDXHTML
[THYMELEAF]     * VALIDXML
[THYMELEAF]     * HTML5
[THYMELEAF] * Template resolvers (in order):
[THYMELEAF]     * org.thymeleaf.spring4.templateresolver.SpringResourceTemplateResolver
[THYMELEAF] * Message resolvers (in order):
[THYMELEAF]     * org.thymeleaf.spring4.messageresolver.SpringMessageResolver
[THYMELEAF] * Dialect [1 of 2]: org.thymeleaf.spring4.dialect.SpringStandardDialect
[THYMELEAF]     * Prefix: "th"
[THYMELEAF] * Dialect [2 of 2]: nz.net.ultraq.thymeleaf.LayoutDialect
[THYMELEAF]     * Prefix: "layout"
[THYMELEAF] TEMPLATE ENGINE CONFIGURED OK
2018-11-13 11:01:48.662 |-INFO  [http-nio-8080-exec-1] org.thymeleaf.TemplateEngine [838] -| [THYMELEAF] TEMPLATE ENGINE INITIALIZED
2018-11-13 17:11:46.604 |-INFO  [restartedMain] com.wndz.application.WndzApplication [48] -| Starting WndzApplication on P-V-7 with PID 395200 (D:\eclipse\6.0qc\springBootDemo\target\classes started by Administrator in D:\eclipse\6.0qc\springBootDemo)
2018-11-13 17:11:46.606 |-INFO  [restartedMain] com.wndz.application.WndzApplication [597] -| The following profiles are active: test
2018-11-13 17:11:46.914 |-INFO  [background-preinit] org.hibernate.validator.internal.util.Version [30] -| HV000001: Hibernate Validator 5.3.5.Final
2018-11-13 17:11:46.917 |-INFO  [restartedMain] org.springframework.boot.context.embedded.AnnotationConfigEmbeddedWebApplicationContext [583] -| Refreshing org.springframework.boot.context.embedded.AnnotationConfigEmbeddedWebApplicationContext@30440fdc: startup date [Tue Nov 13 17:11:46 CST 2018]; root of context hierarchy
2018-11-13 17:11:48.521 |-INFO  [restartedMain] org.springframework.context.support.PostProcessorRegistrationDelegate$BeanPostProcessorChecker [325] -| Bean 'org.springframework.transaction.annotation.ProxyTransactionManagementConfiguration' of type [org.springframework.transaction.annotation.ProxyTransactionManagementConfiguration$$EnhancerBySpringCGLIB$$bfc9c250] is not eligible for getting processed by all BeanPostProcessors (for example: not eligible for auto-proxying)
2018-11-13 17:11:49.043 |-INFO  [restartedMain] org.springframework.boot.context.embedded.tomcat.TomcatEmbeddedServletContainer [89] -| Tomcat initialized with port(s): 8080 (http)
2018-11-13 17:11:49.053 |-INFO  [restartedMain] org.apache.catalina.core.StandardService [179] -| Starting service [Tomcat]
2018-11-13 17:11:49.054 |-INFO  [restartedMain] org.apache.catalina.core.StandardEngine [179] -| Starting Servlet Engine: Apache Tomcat/8.5.20
2018-11-13 17:11:49.148 |-INFO  [localhost-startStop-1] org.apache.catalina.core.ContainerBase.[Tomcat].[localhost].[/] [179] -| Initializing Spring embedded WebApplicationContext
2018-11-13 17:11:49.149 |-INFO  [localhost-startStop-1] org.springframework.web.context.ContextLoader [276] -| Root WebApplicationContext: initialization completed in 2232 ms
2018-11-13 17:11:49.362 |-INFO  [localhost-startStop-1] org.springframework.boot.web.servlet.ServletRegistrationBean [190] -| Mapping servlet: 'servletTest' to [/servletTest]
2018-11-13 17:11:49.363 |-INFO  [localhost-startStop-1] org.springframework.boot.web.servlet.ServletRegistrationBean [190] -| Mapping servlet: 'dispatcherServlet' to [/]
2018-11-13 17:11:49.366 |-INFO  [localhost-startStop-1] org.springframework.boot.web.servlet.FilterRegistrationBean [258] -| Mapping filter: 'characterEncodingFilter' to: [/*]
2018-11-13 17:11:49.367 |-INFO  [localhost-startStop-1] org.springframework.boot.web.servlet.FilterRegistrationBean [258] -| Mapping filter: 'hiddenHttpMethodFilter' to: [/*]
2018-11-13 17:11:49.367 |-INFO  [localhost-startStop-1] org.springframework.boot.web.servlet.FilterRegistrationBean [258] -| Mapping filter: 'httpPutFormContentFilter' to: [/*]
2018-11-13 17:11:49.367 |-INFO  [localhost-startStop-1] org.springframework.boot.web.servlet.FilterRegistrationBean [258] -| Mapping filter: 'requestContextFilter' to: [/*]
2018-11-13 17:11:50.022 |-INFO  [restartedMain] org.springframework.web.servlet.view.freemarker.FreeMarkerConfigurer [127] -| ClassTemplateLoader for Spring macros added to FreeMarker configuration
2018-11-13 17:11:50.501 |-INFO  [restartedMain] org.springframework.web.servlet.mvc.method.annotation.RequestMappingHandlerMapping [543] -| Mapped "{[/testjson]}" onto public com.wndz.bean.Wndz com.wndz.application.HelloController.test()
2018-11-13 17:11:50.503 |-INFO  [restartedMain] org.springframework.web.servlet.mvc.method.annotation.RequestMappingHandlerMapping [543] -| Mapped "{[/helloworld]}" onto public java.lang.String com.wndz.application.HelloController.hello()
2018-11-13 17:11:50.504 |-INFO  [restartedMain] org.springframework.web.servlet.mvc.method.annotation.RequestMappingHandlerMapping [543] -| Mapped "{[/helloworld3]}" onto public java.lang.String com.wndz.application.HelloController.hello3(java.util.Map<java.lang.String, java.lang.String>)
2018-11-13 17:11:50.504 |-INFO  [restartedMain] org.springframework.web.servlet.mvc.method.annotation.RequestMappingHandlerMapping [543] -| Mapped "{[/helloworld7]}" onto public java.lang.String com.wndz.application.HelloController.hello7()
2018-11-13 17:11:50.504 |-INFO  [restartedMain] org.springframework.web.servlet.mvc.method.annotation.RequestMappingHandlerMapping [543] -| Mapped "{[/download]}" onto public java.lang.String com.wndz.application.HelloController.download(javax.servlet.http.HttpServletRequest,javax.servlet.http.HttpServletResponse)
2018-11-13 17:11:50.504 |-INFO  [restartedMain] org.springframework.web.servlet.mvc.method.annotation.RequestMappingHandlerMapping [543] -| Mapped "{[/helloworld4]}" onto public java.lang.String com.wndz.application.HelloController.hello4()
2018-11-13 17:11:50.508 |-INFO  [restartedMain] org.springframework.web.servlet.mvc.method.annotation.RequestMappingHandlerMapping [543] -| Mapped "{[/helloworld2]}" onto public java.lang.String com.wndz.application.HelloController.hello2()
2018-11-13 17:11:50.508 |-INFO  [restartedMain] org.springframework.web.servlet.mvc.method.annotation.RequestMappingHandlerMapping [543] -| Mapped "{[/helloworld5]}" onto public java.lang.String com.wndz.application.HelloController.hello5()
2018-11-13 17:11:50.508 |-INFO  [restartedMain] org.springframework.web.servlet.mvc.method.annotation.RequestMappingHandlerMapping [543] -| Mapped "{[/helloworld6]}" onto public java.lang.String com.wndz.application.HelloController.hello6()
2018-11-13 17:11:50.508 |-INFO  [restartedMain] org.springframework.web.servlet.mvc.method.annotation.RequestMappingHandlerMapping [543] -| Mapped "{[/pub/{name}],methods=[GET]}" onto public com.wndz.bean.Wndz com.wndz.application.HelloController.pub(java.lang.String)
2018-11-13 17:11:50.509 |-INFO  [restartedMain] org.springframework.web.servlet.mvc.method.annotation.RequestMappingHandlerMapping [543] -| Mapped "{[/upload]}" onto public java.lang.String com.wndz.application.HelloController.upload(org.springframework.web.multipart.MultipartFile,javax.servlet.http.HttpServletRequest)
2018-11-13 17:11:50.513 |-INFO  [restartedMain] org.springframework.web.servlet.mvc.method.annotation.RequestMappingHandlerMapping [543] -| Mapped "{[/swagger-resources]}" onto public org.springframework.http.ResponseEntity<java.util.List<springfox.documentation.swagger.web.SwaggerResource>> springfox.documentation.swagger.web.ApiResourceController.swaggerResources()
2018-11-13 17:11:50.514 |-INFO  [restartedMain] org.springframework.web.servlet.mvc.method.annotation.RequestMappingHandlerMapping [543] -| Mapped "{[/swagger-resources/configuration/ui]}" onto public org.springframework.http.ResponseEntity<springfox.documentation.swagger.web.UiConfiguration> springfox.documentation.swagger.web.ApiResourceController.uiConfiguration()
2018-11-13 17:11:50.515 |-INFO  [restartedMain] org.springframework.web.servlet.mvc.method.annotation.RequestMappingHandlerMapping [543] -| Mapped "{[/swagger-resources/configuration/security]}" onto public org.springframework.http.ResponseEntity<springfox.documentation.swagger.web.SecurityConfiguration> springfox.documentation.swagger.web.ApiResourceController.securityConfiguration()
2018-11-13 17:11:50.517 |-INFO  [restartedMain] org.springframework.web.servlet.mvc.method.annotation.RequestMappingHandlerMapping [543] -| Mapped "{[/error]}" onto public org.springframework.http.ResponseEntity<java.util.Map<java.lang.String, java.lang.Object>> org.springframework.boot.autoconfigure.web.BasicErrorController.error(javax.servlet.http.HttpServletRequest)
2018-11-13 17:11:50.518 |-INFO  [restartedMain] org.springframework.web.servlet.mvc.method.annotation.RequestMappingHandlerMapping [543] -| Mapped "{[/error],produces=[text/html]}" onto public org.springframework.web.servlet.ModelAndView org.springframework.boot.autoconfigure.web.BasicErrorController.errorHtml(javax.servlet.http.HttpServletRequest,javax.servlet.http.HttpServletResponse)
2018-11-13 17:11:50.695 |-INFO  [restartedMain] springfox.documentation.spring.web.PropertySourcedRequestMappingHandlerMapping [69] -| Mapped URL path [/v2/api-docs] onto method [public org.springframework.http.ResponseEntity<springfox.documentation.spring.web.json.Json> springfox.documentation.swagger2.web.Swagger2Controller.getDocumentation(java.lang.String,javax.servlet.http.HttpServletRequest)]
2018-11-13 17:11:50.781 |-INFO  [restartedMain] org.springframework.scheduling.concurrent.ThreadPoolTaskScheduler [165] -| Initializing ExecutorService  'defaultSockJsTaskScheduler'
2018-11-13 17:11:50.808 |-INFO  [restartedMain] org.springframework.web.socket.server.support.WebSocketHandlerMapping [362] -| Mapped URL path [/webSocketServer/*] onto handler of type [class org.springframework.web.socket.server.support.WebSocketHttpRequestHandler]
2018-11-13 17:11:50.963 |-INFO  [restartedMain] org.springframework.web.servlet.mvc.method.annotation.RequestMappingHandlerAdapter [534] -| Looking for @ControllerAdvice: org.springframework.boot.context.embedded.AnnotationConfigEmbeddedWebApplicationContext@30440fdc: startup date [Tue Nov 13 17:11:46 CST 2018]; root of context hierarchy
2018-11-13 17:11:51.020 |-INFO  [restartedMain] org.springframework.web.servlet.handler.SimpleUrlHandlerMapping [362] -| Mapped URL path [/webjars/**] onto handler of type [class org.springframework.web.servlet.resource.ResourceHttpRequestHandler]
2018-11-13 17:11:51.020 |-INFO  [restartedMain] org.springframework.web.servlet.handler.SimpleUrlHandlerMapping [362] -| Mapped URL path [/**] onto handler of type [class org.springframework.web.servlet.resource.ResourceHttpRequestHandler]
2018-11-13 17:11:51.036 |-INFO  [restartedMain] org.springframework.web.servlet.mvc.method.annotation.ExceptionHandlerExceptionResolver [273] -| Detected @ExceptionHandler methods in globalDefaultExceptionHandler
2018-11-13 17:11:51.059 |-INFO  [restartedMain] org.springframework.web.servlet.handler.SimpleUrlHandlerMapping [362] -| Mapped URL path [/**/favicon.ico] onto handler of type [class org.springframework.web.servlet.resource.ResourceHttpRequestHandler]
2018-11-13 17:11:51.700 |-INFO  [restartedMain] org.springframework.boot.devtools.autoconfigure.OptionalLiveReloadServer [58] -| LiveReload server is running on port 35729
2018-11-13 17:11:51.747 |-INFO  [restartedMain] org.springframework.jmx.export.annotation.AnnotationMBeanExporter [431] -| Registering beans for JMX exposure on startup
2018-11-13 17:11:51.755 |-INFO  [restartedMain] org.springframework.context.support.DefaultLifecycleProcessor [343] -| Starting beans in phase 2147483647
2018-11-13 17:11:51.755 |-INFO  [restartedMain] springfox.documentation.spring.web.plugins.DocumentationPluginsBootstrapper [147] -| Context refreshed
2018-11-13 17:11:51.775 |-INFO  [restartedMain] springfox.documentation.spring.web.plugins.DocumentationPluginsBootstrapper [150] -| Found 1 custom documentation plugin(s)
2018-11-13 17:11:51.805 |-INFO  [restartedMain] springfox.documentation.spring.web.scanners.ApiListingReferenceScanner [41] -| Scanning for api listing references
2018-11-13 17:11:51.904 |-WARN  [restartedMain] springfox.documentation.spring.web.readers.parameter.ParameterDataTypeReader [86] -| Trying to infer dataType java.util.Map<java.lang.String,java.lang.String>
2018-11-13 17:11:51.909 |-WARN  [restartedMain] springfox.documentation.spring.web.readers.parameter.ParameterDataTypeReader [86] -| Trying to infer dataType java.util.Map<java.lang.String,java.lang.String>
2018-11-13 17:11:51.911 |-WARN  [restartedMain] springfox.documentation.spring.web.readers.parameter.ParameterDataTypeReader [86] -| Trying to infer dataType java.util.Map<java.lang.String,java.lang.String>
2018-11-13 17:11:51.914 |-WARN  [restartedMain] springfox.documentation.spring.web.readers.parameter.ParameterDataTypeReader [86] -| Trying to infer dataType java.util.Map<java.lang.String,java.lang.String>
2018-11-13 17:11:51.917 |-WARN  [restartedMain] springfox.documentation.spring.web.readers.parameter.ParameterDataTypeReader [86] -| Trying to infer dataType java.util.Map<java.lang.String,java.lang.String>
2018-11-13 17:11:51.919 |-WARN  [restartedMain] springfox.documentation.spring.web.readers.parameter.ParameterDataTypeReader [86] -| Trying to infer dataType java.util.Map<java.lang.String,java.lang.String>
2018-11-13 17:11:51.922 |-WARN  [restartedMain] springfox.documentation.spring.web.readers.parameter.ParameterDataTypeReader [86] -| Trying to infer dataType java.util.Map<java.lang.String,java.lang.String>
2018-11-13 17:11:51.924 |-WARN  [restartedMain] springfox.documentation.spring.web.readers.parameter.ParameterDataTypeReader [86] -| Trying to infer dataType java.util.Map<java.lang.String,java.lang.String>
2018-11-13 17:11:52.066 |-INFO  [restartedMain] org.apache.coyote.http11.Http11NioProtocol [179] -| Initializing ProtocolHandler ["http-nio-8080"]
2018-11-13 17:11:52.077 |-INFO  [restartedMain] org.apache.coyote.http11.Http11NioProtocol [179] -| Starting ProtocolHandler ["http-nio-8080"]
2018-11-13 17:11:52.085 |-INFO  [restartedMain] org.apache.tomcat.util.net.NioSelectorPool [179] -| Using a shared selector for servlet write/read
2018-11-13 17:11:52.106 |-INFO  [restartedMain] org.springframework.boot.context.embedded.tomcat.TomcatEmbeddedServletContainer [201] -| Tomcat started on port(s): 8080 (http)
2018-11-13 17:11:52.115 |-INFO  [restartedMain] com.wndz.application.WndzApplication [57] -| Started WndzApplication in 5.822 seconds (JVM running for 6.281)
2018-11-13 17:12:00.531 |-INFO  [http-nio-8080-exec-1] org.apache.catalina.core.ContainerBase.[Tomcat].[localhost].[/] [179] -| Initializing Spring FrameworkServlet 'dispatcherServlet'
2018-11-13 17:12:00.531 |-INFO  [http-nio-8080-exec-1] org.springframework.web.servlet.DispatcherServlet [489] -| FrameworkServlet 'dispatcherServlet': initialization started
2018-11-13 17:12:00.576 |-INFO  [http-nio-8080-exec-1] org.springframework.web.servlet.DispatcherServlet [508] -| FrameworkServlet 'dispatcherServlet': initialization completed in 45 ms
2018-11-13 17:12:00.656 |-INFO  [http-nio-8080-exec-1] org.thymeleaf.TemplateEngine [825] -| [THYMELEAF] INITIALIZING TEMPLATE ENGINE
2018-11-13 17:12:00.701 |-INFO  [http-nio-8080-exec-1] org.thymeleaf.templateresolver.AbstractTemplateResolver [99] -| [THYMELEAF] INITIALIZING TEMPLATE RESOLVER: org.thymeleaf.spring4.templateresolver.SpringResourceTemplateResolver
2018-11-13 17:12:00.701 |-INFO  [http-nio-8080-exec-1] org.thymeleaf.templateresolver.AbstractTemplateResolver [110] -| [THYMELEAF] TEMPLATE RESOLVER INITIALIZED OK
2018-11-13 17:12:00.701 |-INFO  [http-nio-8080-exec-1] org.thymeleaf.messageresolver.AbstractMessageResolver [72] -| [THYMELEAF] INITIALIZING MESSAGE RESOLVER: org.thymeleaf.spring4.messageresolver.SpringMessageResolver
2018-11-13 17:12:00.701 |-INFO  [http-nio-8080-exec-1] org.thymeleaf.messageresolver.AbstractMessageResolver [78] -| [THYMELEAF] MESSAGE RESOLVER INITIALIZED OK
2018-11-13 17:12:00.705 |-INFO  [http-nio-8080-exec-1] org.thymeleaf.TemplateEngine.CONFIG [123] -| [THYMELEAF] TEMPLATE ENGINE CONFIGURATION:
[THYMELEAF] * Cache Factory implementation: org.thymeleaf.cache.StandardCacheManager
[THYMELEAF] * Template modes:
[THYMELEAF]     * VALIDXHTML
[THYMELEAF]     * VALIDXML
[THYMELEAF]     * LEGACYHTML5
[THYMELEAF]     * XHTML
[THYMELEAF]     * HTML5
[THYMELEAF]     * XML
[THYMELEAF] * Template resolvers (in order):
[THYMELEAF]     * org.thymeleaf.spring4.templateresolver.SpringResourceTemplateResolver
[THYMELEAF] * Message resolvers (in order):
[THYMELEAF]     * org.thymeleaf.spring4.messageresolver.SpringMessageResolver
[THYMELEAF] * Dialect [1 of 2]: org.thymeleaf.spring4.dialect.SpringStandardDialect
[THYMELEAF]     * Prefix: "th"
[THYMELEAF] * Dialect [2 of 2]: nz.net.ultraq.thymeleaf.LayoutDialect
[THYMELEAF]     * Prefix: "layout"
[THYMELEAF] TEMPLATE ENGINE CONFIGURED OK
2018-11-13 17:12:00.706 |-INFO  [http-nio-8080-exec-1] org.thymeleaf.TemplateEngine [838] -| [THYMELEAF] TEMPLATE ENGINE INITIALIZED
2018-11-13 17:12:50.750 |-INFO  [restartedMain] com.wndz.application.WndzApplication [48] -| Starting WndzApplication on P-V-7 with PID 389436 (D:\eclipse\6.0qc\springBootDemo\target\classes started by Administrator in D:\eclipse\6.0qc\springBootDemo)
2018-11-13 17:12:50.751 |-INFO  [restartedMain] com.wndz.application.WndzApplication [597] -| The following profiles are active: test
2018-11-13 17:12:51.035 |-INFO  [restartedMain] org.springframework.boot.context.embedded.AnnotationConfigEmbeddedWebApplicationContext [583] -| Refreshing org.springframework.boot.context.embedded.AnnotationConfigEmbeddedWebApplicationContext@61b7ba21: startup date [Tue Nov 13 17:12:51 CST 2018]; root of context hierarchy
2018-11-13 17:12:51.039 |-INFO  [background-preinit] org.hibernate.validator.internal.util.Version [30] -| HV000001: Hibernate Validator 5.3.5.Final
2018-11-13 17:12:52.512 |-INFO  [restartedMain] org.springframework.context.support.PostProcessorRegistrationDelegate$BeanPostProcessorChecker [325] -| Bean 'org.springframework.transaction.annotation.ProxyTransactionManagementConfiguration' of type [org.springframework.transaction.annotation.ProxyTransactionManagementConfiguration$$EnhancerBySpringCGLIB$$1163bceb] is not eligible for getting processed by all BeanPostProcessors (for example: not eligible for auto-proxying)
2018-11-13 17:12:53.063 |-INFO  [restartedMain] org.springframework.boot.context.embedded.tomcat.TomcatEmbeddedServletContainer [89] -| Tomcat initialized with port(s): 8080 (http)
2018-11-13 17:12:53.073 |-INFO  [restartedMain] org.apache.catalina.core.StandardService [179] -| Starting service [Tomcat]
2018-11-13 17:12:53.074 |-INFO  [restartedMain] org.apache.catalina.core.StandardEngine [179] -| Starting Servlet Engine: Apache Tomcat/8.5.20
2018-11-13 17:12:53.178 |-INFO  [localhost-startStop-1] org.apache.catalina.core.ContainerBase.[Tomcat].[localhost].[/] [179] -| Initializing Spring embedded WebApplicationContext
2018-11-13 17:12:53.178 |-INFO  [localhost-startStop-1] org.springframework.web.context.ContextLoader [276] -| Root WebApplicationContext: initialization completed in 2143 ms
2018-11-13 17:12:53.385 |-INFO  [localhost-startStop-1] org.springframework.boot.web.servlet.ServletRegistrationBean [190] -| Mapping servlet: 'servletTest' to [/servletTest]
2018-11-13 17:12:53.386 |-INFO  [localhost-startStop-1] org.springframework.boot.web.servlet.ServletRegistrationBean [190] -| Mapping servlet: 'dispatcherServlet' to [/]
2018-11-13 17:12:53.390 |-INFO  [localhost-startStop-1] org.springframework.boot.web.servlet.FilterRegistrationBean [258] -| Mapping filter: 'characterEncodingFilter' to: [/*]
2018-11-13 17:12:53.391 |-INFO  [localhost-startStop-1] org.springframework.boot.web.servlet.FilterRegistrationBean [258] -| Mapping filter: 'hiddenHttpMethodFilter' to: [/*]
2018-11-13 17:12:53.391 |-INFO  [localhost-startStop-1] org.springframework.boot.web.servlet.FilterRegistrationBean [258] -| Mapping filter: 'httpPutFormContentFilter' to: [/*]
2018-11-13 17:12:53.391 |-INFO  [localhost-startStop-1] org.springframework.boot.web.servlet.FilterRegistrationBean [258] -| Mapping filter: 'requestContextFilter' to: [/*]
2018-11-13 17:12:54.040 |-INFO  [restartedMain] org.springframework.web.servlet.view.freemarker.FreeMarkerConfigurer [127] -| ClassTemplateLoader for Spring macros added to FreeMarker configuration
2018-11-13 17:12:54.893 |-INFO  [restartedMain] org.springframework.web.servlet.mvc.method.annotation.RequestMappingHandlerMapping [543] -| Mapped "{[/testjson]}" onto public com.wndz.bean.Wndz com.wndz.application.HelloController.test()
2018-11-13 17:12:54.895 |-INFO  [restartedMain] org.springframework.web.servlet.mvc.method.annotation.RequestMappingHandlerMapping [543] -| Mapped "{[/helloworld2]}" onto public java.lang.String com.wndz.application.HelloController.hello2()
2018-11-13 17:12:54.896 |-INFO  [restartedMain] org.springframework.web.servlet.mvc.method.annotation.RequestMappingHandlerMapping [543] -| Mapped "{[/download]}" onto public java.lang.String com.wndz.application.HelloController.download(javax.servlet.http.HttpServletRequest,javax.servlet.http.HttpServletResponse)
2018-11-13 17:12:54.896 |-INFO  [restartedMain] org.springframework.web.servlet.mvc.method.annotation.RequestMappingHandlerMapping [543] -| Mapped "{[/helloworld]}" onto public java.lang.String com.wndz.application.HelloController.hello()
2018-11-13 17:12:54.897 |-INFO  [restartedMain] org.springframework.web.servlet.mvc.method.annotation.RequestMappingHandlerMapping [543] -| Mapped "{[/upload]}" onto public java.lang.String com.wndz.application.HelloController.upload(org.springframework.web.multipart.MultipartFile,javax.servlet.http.HttpServletRequest)
2018-11-13 17:12:54.897 |-INFO  [restartedMain] org.springframework.web.servlet.mvc.method.annotation.RequestMappingHandlerMapping [543] -| Mapped "{[/helloworld5]}" onto public java.lang.String com.wndz.application.HelloController.hello5()
2018-11-13 17:12:54.897 |-INFO  [restartedMain] org.springframework.web.servlet.mvc.method.annotation.RequestMappingHandlerMapping [543] -| Mapped "{[/pub/{name}],methods=[GET]}" onto public com.wndz.bean.Wndz com.wndz.application.HelloController.pub(java.lang.String)
2018-11-13 17:12:54.897 |-INFO  [restartedMain] org.springframework.web.servlet.mvc.method.annotation.RequestMappingHandlerMapping [543] -| Mapped "{[/helloworld3]}" onto public java.lang.String com.wndz.application.HelloController.hello3(java.util.Map<java.lang.String, java.lang.String>)
2018-11-13 17:12:54.897 |-INFO  [restartedMain] org.springframework.web.servlet.mvc.method.annotation.RequestMappingHandlerMapping [543] -| Mapped "{[/helloworld4]}" onto public java.lang.String com.wndz.application.HelloController.hello4()
2018-11-13 17:12:54.898 |-INFO  [restartedMain] org.springframework.web.servlet.mvc.method.annotation.RequestMappingHandlerMapping [543] -| Mapped "{[/helloworld6]}" onto public java.lang.String com.wndz.application.HelloController.hello6()
2018-11-13 17:12:54.898 |-INFO  [restartedMain] org.springframework.web.servlet.mvc.method.annotation.RequestMappingHandlerMapping [543] -| Mapped "{[/helloworld7]}" onto public java.lang.String com.wndz.application.HelloController.hello7()
2018-11-13 17:12:54.902 |-INFO  [restartedMain] org.springframework.web.servlet.mvc.method.annotation.RequestMappingHandlerMapping [543] -| Mapped "{[/swagger-resources/configuration/security]}" onto public org.springframework.http.ResponseEntity<springfox.documentation.swagger.web.SecurityConfiguration> springfox.documentation.swagger.web.ApiResourceController.securityConfiguration()
2018-11-13 17:12:54.903 |-INFO  [restartedMain] org.springframework.web.servlet.mvc.method.annotation.RequestMappingHandlerMapping [543] -| Mapped "{[/swagger-resources/configuration/ui]}" onto public org.springframework.http.ResponseEntity<springfox.documentation.swagger.web.UiConfiguration> springfox.documentation.swagger.web.ApiResourceController.uiConfiguration()
2018-11-13 17:12:54.904 |-INFO  [restartedMain] org.springframework.web.servlet.mvc.method.annotation.RequestMappingHandlerMapping [543] -| Mapped "{[/swagger-resources]}" onto public org.springframework.http.ResponseEntity<java.util.List<springfox.documentation.swagger.web.SwaggerResource>> springfox.documentation.swagger.web.ApiResourceController.swaggerResources()
2018-11-13 17:12:54.906 |-INFO  [restartedMain] org.springframework.web.servlet.mvc.method.annotation.RequestMappingHandlerMapping [543] -| Mapped "{[/error]}" onto public org.springframework.http.ResponseEntity<java.util.Map<java.lang.String, java.lang.Object>> org.springframework.boot.autoconfigure.web.BasicErrorController.error(javax.servlet.http.HttpServletRequest)
2018-11-13 17:12:54.906 |-INFO  [restartedMain] org.springframework.web.servlet.mvc.method.annotation.RequestMappingHandlerMapping [543] -| Mapped "{[/error],produces=[text/html]}" onto public org.springframework.web.servlet.ModelAndView org.springframework.boot.autoconfigure.web.BasicErrorController.errorHtml(javax.servlet.http.HttpServletRequest,javax.servlet.http.HttpServletResponse)
2018-11-13 17:12:55.065 |-INFO  [restartedMain] springfox.documentation.spring.web.PropertySourcedRequestMappingHandlerMapping [69] -| Mapped URL path [/v2/api-docs] onto method [public org.springframework.http.ResponseEntity<springfox.documentation.spring.web.json.Json> springfox.documentation.swagger2.web.Swagger2Controller.getDocumentation(java.lang.String,javax.servlet.http.HttpServletRequest)]
2018-11-13 17:12:55.159 |-INFO  [restartedMain] org.springframework.scheduling.concurrent.ThreadPoolTaskScheduler [165] -| Initializing ExecutorService  'defaultSockJsTaskScheduler'
2018-11-13 17:12:55.187 |-INFO  [restartedMain] org.springframework.web.socket.server.support.WebSocketHandlerMapping [362] -| Mapped URL path [/webSocketServer/*] onto handler of type [class org.springframework.web.socket.server.support.WebSocketHttpRequestHandler]
2018-11-13 17:12:55.395 |-INFO  [restartedMain] org.springframework.web.servlet.mvc.method.annotation.RequestMappingHandlerAdapter [534] -| Looking for @ControllerAdvice: org.springframework.boot.context.embedded.AnnotationConfigEmbeddedWebApplicationContext@61b7ba21: startup date [Tue Nov 13 17:12:51 CST 2018]; root of context hierarchy
2018-11-13 17:12:55.460 |-INFO  [restartedMain] org.springframework.web.servlet.handler.SimpleUrlHandlerMapping [362] -| Mapped URL path [/webjars/**] onto handler of type [class org.springframework.web.servlet.resource.ResourceHttpRequestHandler]
2018-11-13 17:12:55.460 |-INFO  [restartedMain] org.springframework.web.servlet.handler.SimpleUrlHandlerMapping [362] -| Mapped URL path [/**] onto handler of type [class org.springframework.web.servlet.resource.ResourceHttpRequestHandler]
2018-11-13 17:12:55.478 |-INFO  [restartedMain] org.springframework.web.servlet.mvc.method.annotation.ExceptionHandlerExceptionResolver [273] -| Detected @ExceptionHandler methods in globalDefaultExceptionHandler
2018-11-13 17:12:55.513 |-INFO  [restartedMain] org.springframework.web.servlet.handler.SimpleUrlHandlerMapping [362] -| Mapped URL path [/**/favicon.ico] onto handler of type [class org.springframework.web.servlet.resource.ResourceHttpRequestHandler]
2018-11-13 17:12:56.271 |-INFO  [restartedMain] org.springframework.boot.devtools.autoconfigure.OptionalLiveReloadServer [58] -| LiveReload server is running on port 35729
2018-11-13 17:12:56.316 |-INFO  [restartedMain] org.springframework.jmx.export.annotation.AnnotationMBeanExporter [431] -| Registering beans for JMX exposure on startup
2018-11-13 17:12:56.324 |-INFO  [restartedMain] org.springframework.context.support.DefaultLifecycleProcessor [343] -| Starting beans in phase 2147483647
2018-11-13 17:12:56.324 |-INFO  [restartedMain] springfox.documentation.spring.web.plugins.DocumentationPluginsBootstrapper [147] -| Context refreshed
2018-11-13 17:12:56.345 |-INFO  [restartedMain] springfox.documentation.spring.web.plugins.DocumentationPluginsBootstrapper [150] -| Found 1 custom documentation plugin(s)
2018-11-13 17:12:56.380 |-INFO  [restartedMain] springfox.documentation.spring.web.scanners.ApiListingReferenceScanner [41] -| Scanning for api listing references
2018-11-13 17:12:56.486 |-WARN  [restartedMain] springfox.documentation.spring.web.readers.parameter.ParameterDataTypeReader [86] -| Trying to infer dataType java.util.Map<java.lang.String,java.lang.String>
2018-11-13 17:12:56.493 |-WARN  [restartedMain] springfox.documentation.spring.web.readers.parameter.ParameterDataTypeReader [86] -| Trying to infer dataType java.util.Map<java.lang.String,java.lang.String>
2018-11-13 17:12:56.496 |-WARN  [restartedMain] springfox.documentation.spring.web.readers.parameter.ParameterDataTypeReader [86] -| Trying to infer dataType java.util.Map<java.lang.String,java.lang.String>
2018-11-13 17:12:56.498 |-WARN  [restartedMain] springfox.documentation.spring.web.readers.parameter.ParameterDataTypeReader [86] -| Trying to infer dataType java.util.Map<java.lang.String,java.lang.String>
2018-11-13 17:12:56.501 |-WARN  [restartedMain] springfox.documentation.spring.web.readers.parameter.ParameterDataTypeReader [86] -| Trying to infer dataType java.util.Map<java.lang.String,java.lang.String>
2018-11-13 17:12:56.504 |-WARN  [restartedMain] springfox.documentation.spring.web.readers.parameter.ParameterDataTypeReader [86] -| Trying to infer dataType java.util.Map<java.lang.String,java.lang.String>
2018-11-13 17:12:56.509 |-WARN  [restartedMain] springfox.documentation.spring.web.readers.parameter.ParameterDataTypeReader [86] -| Trying to infer dataType java.util.Map<java.lang.String,java.lang.String>
2018-11-13 17:12:56.512 |-WARN  [restartedMain] springfox.documentation.spring.web.readers.parameter.ParameterDataTypeReader [86] -| Trying to infer dataType java.util.Map<java.lang.String,java.lang.String>
2018-11-13 17:12:56.657 |-INFO  [restartedMain] org.apache.coyote.http11.Http11NioProtocol [179] -| Initializing ProtocolHandler ["http-nio-8080"]
2018-11-13 17:12:56.667 |-INFO  [restartedMain] org.apache.coyote.http11.Http11NioProtocol [179] -| Starting ProtocolHandler ["http-nio-8080"]
2018-11-13 17:12:56.679 |-INFO  [restartedMain] org.apache.tomcat.util.net.NioSelectorPool [179] -| Using a shared selector for servlet write/read
2018-11-13 17:12:56.697 |-INFO  [restartedMain] org.springframework.boot.context.embedded.tomcat.TomcatEmbeddedServletContainer [201] -| Tomcat started on port(s): 8080 (http)
2018-11-13 17:12:56.703 |-INFO  [restartedMain] com.wndz.application.WndzApplication [57] -| Started WndzApplication in 6.227 seconds (JVM running for 6.636)
2018-11-13 17:12:56.920 |-INFO  [http-nio-8080-exec-1] org.apache.catalina.core.ContainerBase.[Tomcat].[localhost].[/] [179] -| Initializing Spring FrameworkServlet 'dispatcherServlet'
2018-11-13 17:12:56.920 |-INFO  [http-nio-8080-exec-1] org.springframework.web.servlet.DispatcherServlet [489] -| FrameworkServlet 'dispatcherServlet': initialization started
2018-11-13 17:12:56.949 |-INFO  [http-nio-8080-exec-1] org.springframework.web.servlet.DispatcherServlet [508] -| FrameworkServlet 'dispatcherServlet': initialization completed in 28 ms
2018-11-13 17:12:57.012 |-INFO  [http-nio-8080-exec-1] org.thymeleaf.TemplateEngine [825] -| [THYMELEAF] INITIALIZING TEMPLATE ENGINE
2018-11-13 17:12:57.046 |-INFO  [http-nio-8080-exec-1] org.thymeleaf.templateresolver.AbstractTemplateResolver [99] -| [THYMELEAF] INITIALIZING TEMPLATE RESOLVER: org.thymeleaf.spring4.templateresolver.SpringResourceTemplateResolver
2018-11-13 17:12:57.047 |-INFO  [http-nio-8080-exec-1] org.thymeleaf.templateresolver.AbstractTemplateResolver [110] -| [THYMELEAF] TEMPLATE RESOLVER INITIALIZED OK
2018-11-13 17:12:57.047 |-INFO  [http-nio-8080-exec-1] org.thymeleaf.messageresolver.AbstractMessageResolver [72] -| [THYMELEAF] INITIALIZING MESSAGE RESOLVER: org.thymeleaf.spring4.messageresolver.SpringMessageResolver
2018-11-13 17:12:57.047 |-INFO  [http-nio-8080-exec-1] org.thymeleaf.messageresolver.AbstractMessageResolver [78] -| [THYMELEAF] MESSAGE RESOLVER INITIALIZED OK
2018-11-13 17:12:57.052 |-INFO  [http-nio-8080-exec-1] org.thymeleaf.TemplateEngine.CONFIG [123] -| [THYMELEAF] TEMPLATE ENGINE CONFIGURATION:
[THYMELEAF] * Cache Factory implementation: org.thymeleaf.cache.StandardCacheManager
[THYMELEAF] * Template modes:
[THYMELEAF]     * XML
[THYMELEAF]     * XHTML
[THYMELEAF]     * VALIDXHTML
[THYMELEAF]     * HTML5
[THYMELEAF]     * VALIDXML
[THYMELEAF]     * LEGACYHTML5
[THYMELEAF] * Template resolvers (in order):
[THYMELEAF]     * org.thymeleaf.spring4.templateresolver.SpringResourceTemplateResolver
[THYMELEAF] * Message resolvers (in order):
[THYMELEAF]     * org.thymeleaf.spring4.messageresolver.SpringMessageResolver
[THYMELEAF] * Dialect [1 of 2]: org.thymeleaf.spring4.dialect.SpringStandardDialect
[THYMELEAF]     * Prefix: "th"
[THYMELEAF] * Dialect [2 of 2]: nz.net.ultraq.thymeleaf.LayoutDialect
[THYMELEAF]     * Prefix: "layout"
[THYMELEAF] TEMPLATE ENGINE CONFIGURED OK
2018-11-13 17:12:57.052 |-INFO  [http-nio-8080-exec-1] org.thymeleaf.TemplateEngine [838] -| [THYMELEAF] TEMPLATE ENGINE INITIALIZED
2018-11-13 17:18:17.251 |-INFO  [restartedMain] com.wndz.application.WndzApplication [48] -| Starting WndzApplication on P-V-7 with PID 392664 (D:\eclipse\6.0qc\springBootDemo\target\classes started by Administrator in D:\eclipse\6.0qc\springBootDemo)
2018-11-13 17:18:17.252 |-INFO  [restartedMain] com.wndz.application.WndzApplication [597] -| The following profiles are active: test
2018-11-13 17:18:17.542 |-INFO  [background-preinit] org.hibernate.validator.internal.util.Version [30] -| HV000001: Hibernate Validator 5.3.5.Final
2018-11-13 17:18:17.566 |-INFO  [restartedMain] org.springframework.boot.context.embedded.AnnotationConfigEmbeddedWebApplicationContext [583] -| Refreshing org.springframework.boot.context.embedded.AnnotationConfigEmbeddedWebApplicationContext@61b7ba21: startup date [Tue Nov 13 17:18:17 CST 2018]; root of context hierarchy
2018-11-13 17:18:18.998 |-INFO  [restartedMain] org.springframework.context.support.PostProcessorRegistrationDelegate$BeanPostProcessorChecker [325] -| Bean 'org.springframework.transaction.annotation.ProxyTransactionManagementConfiguration' of type [org.springframework.transaction.annotation.ProxyTransactionManagementConfiguration$$EnhancerBySpringCGLIB$$92827743] is not eligible for getting processed by all BeanPostProcessors (for example: not eligible for auto-proxying)
2018-11-13 17:18:19.578 |-INFO  [restartedMain] org.springframework.boot.context.embedded.tomcat.TomcatEmbeddedServletContainer [89] -| Tomcat initialized with port(s): 8080 (http)
2018-11-13 17:18:19.578 |-INFO  [restartedMain] org.apache.catalina.core.StandardService [179] -| Starting service [Tomcat]
2018-11-13 17:18:19.593 |-INFO  [restartedMain] org.apache.catalina.core.StandardEngine [179] -| Starting Servlet Engine: Apache Tomcat/8.5.20
2018-11-13 17:18:19.694 |-INFO  [localhost-startStop-1] org.apache.catalina.core.ContainerBase.[Tomcat].[localhost].[/] [179] -| Initializing Spring embedded WebApplicationContext
2018-11-13 17:18:19.694 |-INFO  [localhost-startStop-1] org.springframework.web.context.ContextLoader [276] -| Root WebApplicationContext: initialization completed in 2128 ms
2018-11-13 17:18:19.904 |-INFO  [localhost-startStop-1] org.springframework.boot.web.servlet.ServletRegistrationBean [190] -| Mapping servlet: 'servletTest' to [/servletTest]
2018-11-13 17:18:19.905 |-INFO  [localhost-startStop-1] org.springframework.boot.web.servlet.ServletRegistrationBean [190] -| Mapping servlet: 'dispatcherServlet' to [/]
2018-11-13 17:18:19.909 |-INFO  [localhost-startStop-1] org.springframework.boot.web.servlet.FilterRegistrationBean [258] -| Mapping filter: 'characterEncodingFilter' to: [/*]
2018-11-13 17:18:19.909 |-INFO  [localhost-startStop-1] org.springframework.boot.web.servlet.FilterRegistrationBean [258] -| Mapping filter: 'hiddenHttpMethodFilter' to: [/*]
2018-11-13 17:18:19.909 |-INFO  [localhost-startStop-1] org.springframework.boot.web.servlet.FilterRegistrationBean [258] -| Mapping filter: 'httpPutFormContentFilter' to: [/*]
2018-11-13 17:18:19.909 |-INFO  [localhost-startStop-1] org.springframework.boot.web.servlet.FilterRegistrationBean [258] -| Mapping filter: 'requestContextFilter' to: [/*]
2018-11-13 17:18:20.847 |-INFO  [restartedMain] org.springframework.web.servlet.view.freemarker.FreeMarkerConfigurer [127] -| ClassTemplateLoader for Spring macros added to FreeMarker configuration
2018-11-13 17:18:21.396 |-INFO  [restartedMain] org.springframework.web.servlet.mvc.method.annotation.RequestMappingHandlerMapping [543] -| Mapped "{[/testjson]}" onto public com.wndz.bean.Wndz com.wndz.application.HelloController.test()
2018-11-13 17:18:21.398 |-INFO  [restartedMain] org.springframework.web.servlet.mvc.method.annotation.RequestMappingHandlerMapping [543] -| Mapped "{[/helloworld4]}" onto public java.lang.String com.wndz.application.HelloController.hello4()
2018-11-13 17:18:21.399 |-INFO  [restartedMain] org.springframework.web.servlet.mvc.method.annotation.RequestMappingHandlerMapping [543] -| Mapped "{[/download]}" onto public java.lang.String com.wndz.application.HelloController.download(javax.servlet.http.HttpServletRequest,javax.servlet.http.HttpServletResponse)
2018-11-13 17:18:21.399 |-INFO  [restartedMain] org.springframework.web.servlet.mvc.method.annotation.RequestMappingHandlerMapping [543] -| Mapped "{[/pub/{name}],methods=[GET]}" onto public com.wndz.bean.Wndz com.wndz.application.HelloController.pub(java.lang.String)
2018-11-13 17:18:21.400 |-INFO  [restartedMain] org.springframework.web.servlet.mvc.method.annotation.RequestMappingHandlerMapping [543] -| Mapped "{[/helloworld2]}" onto public java.lang.String com.wndz.application.HelloController.hello2()
2018-11-13 17:18:21.400 |-INFO  [restartedMain] org.springframework.web.servlet.mvc.method.annotation.RequestMappingHandlerMapping [543] -| Mapped "{[/upload]}" onto public java.lang.String com.wndz.application.HelloController.upload(org.springframework.web.multipart.MultipartFile,javax.servlet.http.HttpServletRequest)
2018-11-13 17:18:21.400 |-INFO  [restartedMain] org.springframework.web.servlet.mvc.method.annotation.RequestMappingHandlerMapping [543] -| Mapped "{[/helloworld5]}" onto public java.lang.String com.wndz.application.HelloController.hello5()
2018-11-13 17:18:21.400 |-INFO  [restartedMain] org.springframework.web.servlet.mvc.method.annotation.RequestMappingHandlerMapping [543] -| Mapped "{[/helloworld7]}" onto public java.lang.String com.wndz.application.HelloController.hello7()
2018-11-13 17:18:21.402 |-INFO  [restartedMain] org.springframework.web.servlet.mvc.method.annotation.RequestMappingHandlerMapping [543] -| Mapped "{[/helloworld]}" onto public java.lang.String com.wndz.application.HelloController.hello()
2018-11-13 17:18:21.402 |-INFO  [restartedMain] org.springframework.web.servlet.mvc.method.annotation.RequestMappingHandlerMapping [543] -| Mapped "{[/helloworld6]}" onto public java.lang.String com.wndz.application.HelloController.hello6()
2018-11-13 17:18:21.403 |-INFO  [restartedMain] org.springframework.web.servlet.mvc.method.annotation.RequestMappingHandlerMapping [543] -| Mapped "{[/helloworld3]}" onto public java.lang.String com.wndz.application.HelloController.hello3(java.util.Map<java.lang.String, java.lang.String>)
2018-11-13 17:18:21.407 |-INFO  [restartedMain] org.springframework.web.servlet.mvc.method.annotation.RequestMappingHandlerMapping [543] -| Mapped "{[/swagger-resources/configuration/security]}" onto public org.springframework.http.ResponseEntity<springfox.documentation.swagger.web.SecurityConfiguration> springfox.documentation.swagger.web.ApiResourceController.securityConfiguration()
2018-11-13 17:18:21.409 |-INFO  [restartedMain] org.springframework.web.servlet.mvc.method.annotation.RequestMappingHandlerMapping [543] -| Mapped "{[/swagger-resources/configuration/ui]}" onto public org.springframework.http.ResponseEntity<springfox.documentation.swagger.web.UiConfiguration> springfox.documentation.swagger.web.ApiResourceController.uiConfiguration()
2018-11-13 17:18:21.410 |-INFO  [restartedMain] org.springframework.web.servlet.mvc.method.annotation.RequestMappingHandlerMapping [543] -| Mapped "{[/swagger-resources]}" onto public org.springframework.http.ResponseEntity<java.util.List<springfox.documentation.swagger.web.SwaggerResource>> springfox.documentation.swagger.web.ApiResourceController.swaggerResources()
2018-11-13 17:18:21.412 |-INFO  [restartedMain] org.springframework.web.servlet.mvc.method.annotation.RequestMappingHandlerMapping [543] -| Mapped "{[/error]}" onto public org.springframework.http.ResponseEntity<java.util.Map<java.lang.String, java.lang.Object>> org.springframework.boot.autoconfigure.web.BasicErrorController.error(javax.servlet.http.HttpServletRequest)
2018-11-13 17:18:21.412 |-INFO  [restartedMain] org.springframework.web.servlet.mvc.method.annotation.RequestMappingHandlerMapping [543] -| Mapped "{[/error],produces=[text/html]}" onto public org.springframework.web.servlet.ModelAndView org.springframework.boot.autoconfigure.web.BasicErrorController.errorHtml(javax.servlet.http.HttpServletRequest,javax.servlet.http.HttpServletResponse)
2018-11-13 17:18:21.711 |-INFO  [restartedMain] springfox.documentation.spring.web.PropertySourcedRequestMappingHandlerMapping [69] -| Mapped URL path [/v2/api-docs] onto method [public org.springframework.http.ResponseEntity<springfox.documentation.spring.web.json.Json> springfox.documentation.swagger2.web.Swagger2Controller.getDocumentation(java.lang.String,javax.servlet.http.HttpServletRequest)]
2018-11-13 17:18:21.821 |-INFO  [restartedMain] org.springframework.scheduling.concurrent.ThreadPoolTaskScheduler [165] -| Initializing ExecutorService  'defaultSockJsTaskScheduler'
2018-11-13 17:18:21.853 |-INFO  [restartedMain] org.springframework.web.socket.server.support.WebSocketHandlerMapping [362] -| Mapped URL path [/webSocketServer/*] onto handler of type [class org.springframework.web.socket.server.support.WebSocketHttpRequestHandler]
2018-11-13 17:18:22.072 |-INFO  [restartedMain] org.springframework.web.servlet.mvc.method.annotation.RequestMappingHandlerAdapter [534] -| Looking for @ControllerAdvice: org.springframework.boot.context.embedded.AnnotationConfigEmbeddedWebApplicationContext@61b7ba21: startup date [Tue Nov 13 17:18:17 CST 2018]; root of context hierarchy
2018-11-13 17:18:22.128 |-INFO  [restartedMain] org.springframework.web.servlet.handler.SimpleUrlHandlerMapping [362] -| Mapped URL path [/webjars/**] onto handler of type [class org.springframework.web.servlet.resource.ResourceHttpRequestHandler]
2018-11-13 17:18:22.129 |-INFO  [restartedMain] org.springframework.web.servlet.handler.SimpleUrlHandlerMapping [362] -| Mapped URL path [/**] onto handler of type [class org.springframework.web.servlet.resource.ResourceHttpRequestHandler]
2018-11-13 17:18:22.146 |-INFO  [restartedMain] org.springframework.web.servlet.mvc.method.annotation.ExceptionHandlerExceptionResolver [273] -| Detected @ExceptionHandler methods in globalDefaultExceptionHandler
2018-11-13 17:18:22.172 |-INFO  [restartedMain] org.springframework.web.servlet.handler.SimpleUrlHandlerMapping [362] -| Mapped URL path [/**/favicon.ico] onto handler of type [class org.springframework.web.servlet.resource.ResourceHttpRequestHandler]
2018-11-13 17:18:22.862 |-INFO  [restartedMain] org.springframework.boot.devtools.autoconfigure.OptionalLiveReloadServer [58] -| LiveReload server is running on port 35729
2018-11-13 17:18:22.908 |-INFO  [restartedMain] org.springframework.jmx.export.annotation.AnnotationMBeanExporter [431] -| Registering beans for JMX exposure on startup
2018-11-13 17:18:22.915 |-INFO  [restartedMain] org.springframework.context.support.DefaultLifecycleProcessor [343] -| Starting beans in phase 2147483647
2018-11-13 17:18:22.915 |-INFO  [restartedMain] springfox.documentation.spring.web.plugins.DocumentationPluginsBootstrapper [147] -| Context refreshed
2018-11-13 17:18:22.938 |-INFO  [restartedMain] springfox.documentation.spring.web.plugins.DocumentationPluginsBootstrapper [150] -| Found 1 custom documentation plugin(s)
2018-11-13 17:18:22.967 |-INFO  [restartedMain] springfox.documentation.spring.web.scanners.ApiListingReferenceScanner [41] -| Scanning for api listing references
2018-11-13 17:18:23.066 |-WARN  [restartedMain] springfox.documentation.spring.web.readers.parameter.ParameterDataTypeReader [86] -| Trying to infer dataType java.util.Map<java.lang.String,java.lang.String>
2018-11-13 17:18:23.072 |-WARN  [restartedMain] springfox.documentation.spring.web.readers.parameter.ParameterDataTypeReader [86] -| Trying to infer dataType java.util.Map<java.lang.String,java.lang.String>
2018-11-13 17:18:23.075 |-WARN  [restartedMain] springfox.documentation.spring.web.readers.parameter.ParameterDataTypeReader [86] -| Trying to infer dataType java.util.Map<java.lang.String,java.lang.String>
2018-11-13 17:18:23.077 |-WARN  [restartedMain] springfox.documentation.spring.web.readers.parameter.ParameterDataTypeReader [86] -| Trying to infer dataType java.util.Map<java.lang.String,java.lang.String>
2018-11-13 17:18:23.080 |-WARN  [restartedMain] springfox.documentation.spring.web.readers.parameter.ParameterDataTypeReader [86] -| Trying to infer dataType java.util.Map<java.lang.String,java.lang.String>
2018-11-13 17:18:23.084 |-WARN  [restartedMain] springfox.documentation.spring.web.readers.parameter.ParameterDataTypeReader [86] -| Trying to infer dataType java.util.Map<java.lang.String,java.lang.String>
2018-11-13 17:18:23.087 |-WARN  [restartedMain] springfox.documentation.spring.web.readers.parameter.ParameterDataTypeReader [86] -| Trying to infer dataType java.util.Map<java.lang.String,java.lang.String>
2018-11-13 17:18:23.089 |-WARN  [restartedMain] springfox.documentation.spring.web.readers.parameter.ParameterDataTypeReader [86] -| Trying to infer dataType java.util.Map<java.lang.String,java.lang.String>
2018-11-13 17:18:23.227 |-INFO  [restartedMain] org.apache.coyote.http11.Http11NioProtocol [179] -| Initializing ProtocolHandler ["http-nio-8080"]
2018-11-13 17:18:23.239 |-INFO  [restartedMain] org.apache.coyote.http11.Http11NioProtocol [179] -| Starting ProtocolHandler ["http-nio-8080"]
2018-11-13 17:18:23.248 |-INFO  [restartedMain] org.apache.tomcat.util.net.NioSelectorPool [179] -| Using a shared selector for servlet write/read
2018-11-13 17:18:23.271 |-INFO  [restartedMain] org.springframework.boot.context.embedded.tomcat.TomcatEmbeddedServletContainer [201] -| Tomcat started on port(s): 8080 (http)
2018-11-13 17:18:23.277 |-INFO  [restartedMain] com.wndz.application.WndzApplication [57] -| Started WndzApplication in 6.333 seconds (JVM running for 6.769)
2018-11-13 17:18:23.373 |-INFO  [http-nio-8080-exec-1] org.apache.catalina.core.ContainerBase.[Tomcat].[localhost].[/] [179] -| Initializing Spring FrameworkServlet 'dispatcherServlet'
2018-11-13 17:18:23.373 |-INFO  [http-nio-8080-exec-1] org.springframework.web.servlet.DispatcherServlet [489] -| FrameworkServlet 'dispatcherServlet': initialization started
2018-11-13 17:18:23.451 |-INFO  [http-nio-8080-exec-1] org.springframework.web.servlet.DispatcherServlet [508] -| FrameworkServlet 'dispatcherServlet': initialization completed in 77 ms
2018-11-13 17:18:23.586 |-INFO  [http-nio-8080-exec-1] org.thymeleaf.TemplateEngine [825] -| [THYMELEAF] INITIALIZING TEMPLATE ENGINE
2018-11-13 17:18:23.631 |-INFO  [http-nio-8080-exec-1] org.thymeleaf.templateresolver.AbstractTemplateResolver [99] -| [THYMELEAF] INITIALIZING TEMPLATE RESOLVER: org.thymeleaf.spring4.templateresolver.SpringResourceTemplateResolver
2018-11-13 17:18:23.632 |-INFO  [http-nio-8080-exec-1] org.thymeleaf.templateresolver.AbstractTemplateResolver [110] -| [THYMELEAF] TEMPLATE RESOLVER INITIALIZED OK
2018-11-13 17:18:23.632 |-INFO  [http-nio-8080-exec-1] org.thymeleaf.messageresolver.AbstractMessageResolver [72] -| [THYMELEAF] INITIALIZING MESSAGE RESOLVER: org.thymeleaf.spring4.messageresolver.SpringMessageResolver
2018-11-13 17:18:23.632 |-INFO  [http-nio-8080-exec-1] org.thymeleaf.messageresolver.AbstractMessageResolver [78] -| [THYMELEAF] MESSAGE RESOLVER INITIALIZED OK
2018-11-13 17:18:23.637 |-INFO  [http-nio-8080-exec-1] org.thymeleaf.TemplateEngine.CONFIG [123] -| [THYMELEAF] TEMPLATE ENGINE CONFIGURATION:
[THYMELEAF] * Cache Factory implementation: org.thymeleaf.cache.StandardCacheManager
[THYMELEAF] * Template modes:
[THYMELEAF]     * VALIDXML
[THYMELEAF]     * VALIDXHTML
[THYMELEAF]     * HTML5
[THYMELEAF]     * LEGACYHTML5
[THYMELEAF]     * XHTML
[THYMELEAF]     * XML
[THYMELEAF] * Template resolvers (in order):
[THYMELEAF]     * org.thymeleaf.spring4.templateresolver.SpringResourceTemplateResolver
[THYMELEAF] * Message resolvers (in order):
[THYMELEAF]     * org.thymeleaf.spring4.messageresolver.SpringMessageResolver
[THYMELEAF] * Dialect [1 of 2]: org.thymeleaf.spring4.dialect.SpringStandardDialect
[THYMELEAF]     * Prefix: "th"
[THYMELEAF] * Dialect [2 of 2]: nz.net.ultraq.thymeleaf.LayoutDialect
[THYMELEAF]     * Prefix: "layout"
[THYMELEAF] TEMPLATE ENGINE CONFIGURED OK
2018-11-13 17:18:23.637 |-INFO  [http-nio-8080-exec-1] org.thymeleaf.TemplateEngine [838] -| [THYMELEAF] TEMPLATE ENGINE INITIALIZED
2018-11-13 17:18:23.687 |-ERROR [http-nio-8080-exec-1] org.thymeleaf.templateparser.ErrorHandler [57] -| [THYMELEAF][http-nio-8080-exec-1] Fatal error during parsing
org.xml.sax.SAXParseException:  "img"  "</img>" 
	at com.sun.org.apache.xerces.internal.util.ErrorHandlerWrapper.createSAXParseException(Unknown Source)
	at com.sun.org.apache.xerces.internal.util.ErrorHandlerWrapper.fatalError(Unknown Source)
	at com.sun.org.apache.xerces.internal.impl.XMLErrorReporter.reportError(Unknown Source)
	at com.sun.org.apache.xerces.internal.impl.XMLErrorReporter.reportError(Unknown Source)
	at com.sun.org.apache.xerces.internal.impl.XMLScanner.reportFatalError(Unknown Source)
	at com.sun.org.apache.xerces.internal.impl.XMLDocumentFragmentScannerImpl.scanEndElement(Unknown Source)
	at com.sun.org.apache.xerces.internal.impl.XMLDocumentFragmentScannerImpl$FragmentContentDriver.next(Unknown Source)
	at com.sun.org.apache.xerces.internal.impl.XMLDocumentScannerImpl.next(Unknown Source)
	at com.sun.org.apache.xerces.internal.impl.XMLDocumentFragmentScannerImpl.scanDocument(Unknown Source)
	at com.sun.org.apache.xerces.internal.parsers.XML11Configuration.parse(Unknown Source)
	at com.sun.org.apache.xerces.internal.parsers.XML11Configuration.parse(Unknown Source)
	at com.sun.org.apache.xerces.internal.parsers.XMLParser.parse(Unknown Source)
	at com.sun.org.apache.xerces.internal.parsers.AbstractSAXParser.parse(Unknown Source)
	at com.sun.org.apache.xerces.internal.jaxp.SAXParserImpl$JAXPSAXParser.parse(Unknown Source)
	at com.sun.org.apache.xerces.internal.jaxp.SAXParserImpl.parse(Unknown Source)
	at org.thymeleaf.templateparser.xmlsax.AbstractNonValidatingSAXTemplateParser.doParse(AbstractNonValidatingSAXTemplateParser.java:209)
	at org.thymeleaf.templateparser.xmlsax.AbstractNonValidatingSAXTemplateParser.parseTemplateUsingPool(AbstractNonValidatingSAXTemplateParser.java:134)
	at org.thymeleaf.templateparser.xmlsax.AbstractNonValidatingSAXTemplateParser.parseTemplate(AbstractNonValidatingSAXTemplateParser.java:116)
	at org.thymeleaf.TemplateRepository.getTemplate(TemplateRepository.java:278)
	at org.thymeleaf.TemplateEngine.process(TemplateEngine.java:1104)
	at org.thymeleaf.TemplateEngine.process(TemplateEngine.java:1060)
	at org.thymeleaf.TemplateEngine.process(TemplateEngine.java:1011)
	at org.thymeleaf.spring4.view.ThymeleafView.renderFragment(ThymeleafView.java:335)
	at org.thymeleaf.spring4.view.ThymeleafView.render(ThymeleafView.java:190)
	at org.springframework.web.servlet.DispatcherServlet.render(DispatcherServlet.java:1286)
	at org.springframework.web.servlet.DispatcherServlet.processDispatchResult(DispatcherServlet.java:1041)
	at org.springframework.web.servlet.DispatcherServlet.doDispatch(DispatcherServlet.java:984)
	at org.springframework.web.servlet.DispatcherServlet.doService(DispatcherServlet.java:901)
	at org.springframework.web.servlet.FrameworkServlet.processRequest(FrameworkServlet.java:970)
	at org.springframework.web.servlet.FrameworkServlet.doGet(FrameworkServlet.java:861)
	at javax.servlet.http.HttpServlet.service(HttpServlet.java:635)
	at org.springframework.web.servlet.FrameworkServlet.service(FrameworkServlet.java:846)
	at javax.servlet.http.HttpServlet.service(HttpServlet.java:742)
	at org.apache.catalina.core.ApplicationFilterChain.internalDoFilter(ApplicationFilterChain.java:231)
	at org.apache.catalina.core.ApplicationFilterChain.doFilter(ApplicationFilterChain.java:166)
	at org.apache.tomcat.websocket.server.WsFilter.doFilter(WsFilter.java:52)
	at org.apache.catalina.core.ApplicationFilterChain.internalDoFilter(ApplicationFilterChain.java:193)
	at org.apache.catalina.core.ApplicationFilterChain.doFilter(ApplicationFilterChain.java:166)
	at org.springframework.web.filter.RequestContextFilter.doFilterInternal(RequestContextFilter.java:99)
	at org.springframework.web.filter.OncePerRequestFilter.doFilter(OncePerRequestFilter.java:107)
	at org.apache.catalina.core.ApplicationFilterChain.internalDoFilter(ApplicationFilterChain.java:193)
	at org.apache.catalina.core.ApplicationFilterChain.doFilter(ApplicationFilterChain.java:166)
	at org.springframework.web.filter.HttpPutFormContentFilter.doFilterInternal(HttpPutFormContentFilter.java:108)
	at org.springframework.web.filter.OncePerRequestFilter.doFilter(OncePerRequestFilter.java:107)
	at org.apache.catalina.core.ApplicationFilterChain.internalDoFilter(ApplicationFilterChain.java:193)
	at org.apache.catalina.core.ApplicationFilterChain.doFilter(ApplicationFilterChain.java:166)
	at org.springframework.web.filter.HiddenHttpMethodFilter.doFilterInternal(HiddenHttpMethodFilter.java:81)
	at org.springframework.web.filter.OncePerRequestFilter.doFilter(OncePerRequestFilter.java:107)
	at org.apache.catalina.core.ApplicationFilterChain.internalDoFilter(ApplicationFilterChain.java:193)
	at org.apache.catalina.core.ApplicationFilterChain.doFilter(ApplicationFilterChain.java:166)
	at org.springframework.web.filter.CharacterEncodingFilter.doFilterInternal(CharacterEncodingFilter.java:197)
	at org.springframework.web.filter.OncePerRequestFilter.doFilter(OncePerRequestFilter.java:107)
	at org.apache.catalina.core.ApplicationFilterChain.internalDoFilter(ApplicationFilterChain.java:193)
	at org.apache.catalina.core.ApplicationFilterChain.doFilter(ApplicationFilterChain.java:166)
	at org.apache.catalina.core.StandardWrapperValve.invoke(StandardWrapperValve.java:198)
	at org.apache.catalina.core.StandardContextValve.invoke(StandardContextValve.java:96)
	at org.apache.catalina.authenticator.AuthenticatorBase.invoke(AuthenticatorBase.java:478)
	at org.apache.catalina.core.StandardHostValve.invoke(StandardHostValve.java:140)
	at org.apache.catalina.valves.ErrorReportValve.invoke(ErrorReportValve.java:80)
	at org.apache.catalina.core.StandardEngineValve.invoke(StandardEngineValve.java:87)
	at org.apache.catalina.connector.CoyoteAdapter.service(CoyoteAdapter.java:342)
	at org.apache.coyote.http11.Http11Processor.service(Http11Processor.java:799)
	at org.apache.coyote.AbstractProcessorLight.process(AbstractProcessorLight.java:66)
	at org.apache.coyote.AbstractProtocol$ConnectionHandler.process(AbstractProtocol.java:868)
	at org.apache.tomcat.util.net.NioEndpoint$SocketProcessor.doRun(NioEndpoint.java:1457)
	at org.apache.tomcat.util.net.SocketProcessorBase.run(SocketProcessorBase.java:49)
	at java.util.concurrent.ThreadPoolExecutor.runWorker(Unknown Source)
	at java.util.concurrent.ThreadPoolExecutor$Worker.run(Unknown Source)
	at org.apache.tomcat.util.threads.TaskThread$WrappingRunnable.run(TaskThread.java:61)
	at java.lang.Thread.run(Unknown Source)
2018-11-13 17:18:23.688 |-ERROR [http-nio-8080-exec-1] org.thymeleaf.TemplateEngine [1085] -| [THYMELEAF][http-nio-8080-exec-1] Exception processing template "treetest": Exception parsing document: template="treetest", line 93 - column 3
2018-11-13 17:18:23.689 |-ERROR [http-nio-8080-exec-1] org.apache.catalina.core.ContainerBase.[Tomcat].[localhost].[/].[dispatcherServlet] [181] -| Servlet.service() for servlet [dispatcherServlet] in context with path [] threw exception [Request processing failed; nested exception is org.thymeleaf.exceptions.TemplateInputException: Exception parsing document: template="treetest", line 93 - column 3] with root cause
org.xml.sax.SAXParseException:  "img"  "</img>" 
	at com.sun.org.apache.xerces.internal.util.ErrorHandlerWrapper.createSAXParseException(Unknown Source)
	at com.sun.org.apache.xerces.internal.util.ErrorHandlerWrapper.fatalError(Unknown Source)
	at com.sun.org.apache.xerces.internal.impl.XMLErrorReporter.reportError(Unknown Source)
	at com.sun.org.apache.xerces.internal.impl.XMLErrorReporter.reportError(Unknown Source)
	at com.sun.org.apache.xerces.internal.impl.XMLScanner.reportFatalError(Unknown Source)
	at com.sun.org.apache.xerces.internal.impl.XMLDocumentFragmentScannerImpl.scanEndElement(Unknown Source)
	at com.sun.org.apache.xerces.internal.impl.XMLDocumentFragmentScannerImpl$FragmentContentDriver.next(Unknown Source)
	at com.sun.org.apache.xerces.internal.impl.XMLDocumentScannerImpl.next(Unknown Source)
	at com.sun.org.apache.xerces.internal.impl.XMLDocumentFragmentScannerImpl.scanDocument(Unknown Source)
	at com.sun.org.apache.xerces.internal.parsers.XML11Configuration.parse(Unknown Source)
	at com.sun.org.apache.xerces.internal.parsers.XML11Configuration.parse(Unknown Source)
	at com.sun.org.apache.xerces.internal.parsers.XMLParser.parse(Unknown Source)
	at com.sun.org.apache.xerces.internal.parsers.AbstractSAXParser.parse(Unknown Source)
	at com.sun.org.apache.xerces.internal.jaxp.SAXParserImpl$JAXPSAXParser.parse(Unknown Source)
	at com.sun.org.apache.xerces.internal.jaxp.SAXParserImpl.parse(Unknown Source)
	at org.thymeleaf.templateparser.xmlsax.AbstractNonValidatingSAXTemplateParser.doParse(AbstractNonValidatingSAXTemplateParser.java:209)
	at org.thymeleaf.templateparser.xmlsax.AbstractNonValidatingSAXTemplateParser.parseTemplateUsingPool(AbstractNonValidatingSAXTemplateParser.java:134)
	at org.thymeleaf.templateparser.xmlsax.AbstractNonValidatingSAXTemplateParser.parseTemplate(AbstractNonValidatingSAXTemplateParser.java:116)
	at org.thymeleaf.TemplateRepository.getTemplate(TemplateRepository.java:278)
	at org.thymeleaf.TemplateEngine.process(TemplateEngine.java:1104)
	at org.thymeleaf.TemplateEngine.process(TemplateEngine.java:1060)
	at org.thymeleaf.TemplateEngine.process(TemplateEngine.java:1011)
	at org.thymeleaf.spring4.view.ThymeleafView.renderFragment(ThymeleafView.java:335)
	at org.thymeleaf.spring4.view.ThymeleafView.render(ThymeleafView.java:190)
	at org.springframework.web.servlet.DispatcherServlet.render(DispatcherServlet.java:1286)
	at org.springframework.web.servlet.DispatcherServlet.processDispatchResult(DispatcherServlet.java:1041)
	at org.springframework.web.servlet.DispatcherServlet.doDispatch(DispatcherServlet.java:984)
	at org.springframework.web.servlet.DispatcherServlet.doService(DispatcherServlet.java:901)
	at org.springframework.web.servlet.FrameworkServlet.processRequest(FrameworkServlet.java:970)
	at org.springframework.web.servlet.FrameworkServlet.doGet(FrameworkServlet.java:861)
	at javax.servlet.http.HttpServlet.service(HttpServlet.java:635)
	at org.springframework.web.servlet.FrameworkServlet.service(FrameworkServlet.java:846)
	at javax.servlet.http.HttpServlet.service(HttpServlet.java:742)
	at org.apache.catalina.core.ApplicationFilterChain.internalDoFilter(ApplicationFilterChain.java:231)
	at org.apache.catalina.core.ApplicationFilterChain.doFilter(ApplicationFilterChain.java:166)
	at org.apache.tomcat.websocket.server.WsFilter.doFilter(WsFilter.java:52)
	at org.apache.catalina.core.ApplicationFilterChain.internalDoFilter(ApplicationFilterChain.java:193)
	at org.apache.catalina.core.ApplicationFilterChain.doFilter(ApplicationFilterChain.java:166)
	at org.springframework.web.filter.RequestContextFilter.doFilterInternal(RequestContextFilter.java:99)
	at org.springframework.web.filter.OncePerRequestFilter.doFilter(OncePerRequestFilter.java:107)
	at org.apache.catalina.core.ApplicationFilterChain.internalDoFilter(ApplicationFilterChain.java:193)
	at org.apache.catalina.core.ApplicationFilterChain.doFilter(ApplicationFilterChain.java:166)
	at org.springframework.web.filter.HttpPutFormContentFilter.doFilterInternal(HttpPutFormContentFilter.java:108)
	at org.springframework.web.filter.OncePerRequestFilter.doFilter(OncePerRequestFilter.java:107)
	at org.apache.catalina.core.ApplicationFilterChain.internalDoFilter(ApplicationFilterChain.java:193)
	at org.apache.catalina.core.ApplicationFilterChain.doFilter(ApplicationFilterChain.java:166)
	at org.springframework.web.filter.HiddenHttpMethodFilter.doFilterInternal(HiddenHttpMethodFilter.java:81)
	at org.springframework.web.filter.OncePerRequestFilter.doFilter(OncePerRequestFilter.java:107)
	at org.apache.catalina.core.ApplicationFilterChain.internalDoFilter(ApplicationFilterChain.java:193)
	at org.apache.catalina.core.ApplicationFilterChain.doFilter(ApplicationFilterChain.java:166)
	at org.springframework.web.filter.CharacterEncodingFilter.doFilterInternal(CharacterEncodingFilter.java:197)
	at org.springframework.web.filter.OncePerRequestFilter.doFilter(OncePerRequestFilter.java:107)
	at org.apache.catalina.core.ApplicationFilterChain.internalDoFilter(ApplicationFilterChain.java:193)
	at org.apache.catalina.core.ApplicationFilterChain.doFilter(ApplicationFilterChain.java:166)
	at org.apache.catalina.core.StandardWrapperValve.invoke(StandardWrapperValve.java:198)
	at org.apache.catalina.core.StandardContextValve.invoke(StandardContextValve.java:96)
	at org.apache.catalina.authenticator.AuthenticatorBase.invoke(AuthenticatorBase.java:478)
	at org.apache.catalina.core.StandardHostValve.invoke(StandardHostValve.java:140)
	at org.apache.catalina.valves.ErrorReportValve.invoke(ErrorReportValve.java:80)
	at org.apache.catalina.core.StandardEngineValve.invoke(StandardEngineValve.java:87)
	at org.apache.catalina.connector.CoyoteAdapter.service(CoyoteAdapter.java:342)
	at org.apache.coyote.http11.Http11Processor.service(Http11Processor.java:799)
	at org.apache.coyote.AbstractProcessorLight.process(AbstractProcessorLight.java:66)
	at org.apache.coyote.AbstractProtocol$ConnectionHandler.process(AbstractProtocol.java:868)
	at org.apache.tomcat.util.net.NioEndpoint$SocketProcessor.doRun(NioEndpoint.java:1457)
	at org.apache.tomcat.util.net.SocketProcessorBase.run(SocketProcessorBase.java:49)
	at java.util.concurrent.ThreadPoolExecutor.runWorker(Unknown Source)
	at java.util.concurrent.ThreadPoolExecutor$Worker.run(Unknown Source)
	at org.apache.tomcat.util.threads.TaskThread$WrappingRunnable.run(TaskThread.java:61)
	at java.lang.Thread.run(Unknown Source)
2018-11-13 17:18:35.863 |-INFO  [restartedMain] com.wndz.application.WndzApplication [48] -| Starting WndzApplication on P-V-7 with PID 393188 (D:\eclipse\6.0qc\springBootDemo\target\classes started by Administrator in D:\eclipse\6.0qc\springBootDemo)
2018-11-13 17:18:35.863 |-INFO  [restartedMain] com.wndz.application.WndzApplication [597] -| The following profiles are active: test
2018-11-13 17:18:36.134 |-INFO  [background-preinit] org.hibernate.validator.internal.util.Version [30] -| HV000001: Hibernate Validator 5.3.5.Final
2018-11-13 17:18:36.185 |-INFO  [restartedMain] org.springframework.boot.context.embedded.AnnotationConfigEmbeddedWebApplicationContext [583] -| Refreshing org.springframework.boot.context.embedded.AnnotationConfigEmbeddedWebApplicationContext@30440fdc: startup date [Tue Nov 13 17:18:36 CST 2018]; root of context hierarchy
2018-11-13 17:18:37.581 |-INFO  [restartedMain] org.springframework.context.support.PostProcessorRegistrationDelegate$BeanPostProcessorChecker [325] -| Bean 'org.springframework.transaction.annotation.ProxyTransactionManagementConfiguration' of type [org.springframework.transaction.annotation.ProxyTransactionManagementConfiguration$$EnhancerBySpringCGLIB$$fc3d553d] is not eligible for getting processed by all BeanPostProcessors (for example: not eligible for auto-proxying)
2018-11-13 17:18:38.113 |-INFO  [restartedMain] org.springframework.boot.context.embedded.tomcat.TomcatEmbeddedServletContainer [89] -| Tomcat initialized with port(s): 8080 (http)
2018-11-13 17:18:38.113 |-INFO  [restartedMain] org.apache.catalina.core.StandardService [179] -| Starting service [Tomcat]
2018-11-13 17:18:38.113 |-INFO  [restartedMain] org.apache.catalina.core.StandardEngine [179] -| Starting Servlet Engine: Apache Tomcat/8.5.20
2018-11-13 17:18:38.206 |-INFO  [localhost-startStop-1] org.apache.catalina.core.ContainerBase.[Tomcat].[localhost].[/] [179] -| Initializing Spring embedded WebApplicationContext
2018-11-13 17:18:38.206 |-INFO  [localhost-startStop-1] org.springframework.web.context.ContextLoader [276] -| Root WebApplicationContext: initialization completed in 2021 ms
2018-11-13 17:18:38.428 |-INFO  [localhost-startStop-1] org.springframework.boot.web.servlet.ServletRegistrationBean [190] -| Mapping servlet: 'servletTest' to [/servletTest]
2018-11-13 17:18:38.428 |-INFO  [localhost-startStop-1] org.springframework.boot.web.servlet.ServletRegistrationBean [190] -| Mapping servlet: 'dispatcherServlet' to [/]
2018-11-13 17:18:38.428 |-INFO  [localhost-startStop-1] org.springframework.boot.web.servlet.FilterRegistrationBean [258] -| Mapping filter: 'characterEncodingFilter' to: [/*]
2018-11-13 17:18:38.428 |-INFO  [localhost-startStop-1] org.springframework.boot.web.servlet.FilterRegistrationBean [258] -| Mapping filter: 'hiddenHttpMethodFilter' to: [/*]
2018-11-13 17:18:38.428 |-INFO  [localhost-startStop-1] org.springframework.boot.web.servlet.FilterRegistrationBean [258] -| Mapping filter: 'httpPutFormContentFilter' to: [/*]
2018-11-13 17:18:38.428 |-INFO  [localhost-startStop-1] org.springframework.boot.web.servlet.FilterRegistrationBean [258] -| Mapping filter: 'requestContextFilter' to: [/*]
2018-11-13 17:18:39.025 |-INFO  [restartedMain] org.springframework.web.servlet.view.freemarker.FreeMarkerConfigurer [127] -| ClassTemplateLoader for Spring macros added to FreeMarker configuration
2018-11-13 17:18:39.596 |-INFO  [restartedMain] org.springframework.web.servlet.mvc.method.annotation.RequestMappingHandlerMapping [543] -| Mapped "{[/testjson]}" onto public com.wndz.bean.Wndz com.wndz.application.HelloController.test()
2018-11-13 17:18:39.596 |-INFO  [restartedMain] org.springframework.web.servlet.mvc.method.annotation.RequestMappingHandlerMapping [543] -| Mapped "{[/helloworld6]}" onto public java.lang.String com.wndz.application.HelloController.hello6()
2018-11-13 17:18:39.596 |-INFO  [restartedMain] org.springframework.web.servlet.mvc.method.annotation.RequestMappingHandlerMapping [543] -| Mapped "{[/helloworld5]}" onto public java.lang.String com.wndz.application.HelloController.hello5()
2018-11-13 17:18:39.596 |-INFO  [restartedMain] org.springframework.web.servlet.mvc.method.annotation.RequestMappingHandlerMapping [543] -| Mapped "{[/upload]}" onto public java.lang.String com.wndz.application.HelloController.upload(org.springframework.web.multipart.MultipartFile,javax.servlet.http.HttpServletRequest)
2018-11-13 17:18:39.596 |-INFO  [restartedMain] org.springframework.web.servlet.mvc.method.annotation.RequestMappingHandlerMapping [543] -| Mapped "{[/helloworld7]}" onto public java.lang.String com.wndz.application.HelloController.hello7()
2018-11-13 17:18:39.596 |-INFO  [restartedMain] org.springframework.web.servlet.mvc.method.annotation.RequestMappingHandlerMapping [543] -| Mapped "{[/download]}" onto public java.lang.String com.wndz.application.HelloController.download(javax.servlet.http.HttpServletRequest,javax.servlet.http.HttpServletResponse)
2018-11-13 17:18:39.596 |-INFO  [restartedMain] org.springframework.web.servlet.mvc.method.annotation.RequestMappingHandlerMapping [543] -| Mapped "{[/helloworld4]}" onto public java.lang.String com.wndz.application.HelloController.hello4()
2018-11-13 17:18:39.596 |-INFO  [restartedMain] org.springframework.web.servlet.mvc.method.annotation.RequestMappingHandlerMapping [543] -| Mapped "{[/helloworld]}" onto public java.lang.String com.wndz.application.HelloController.hello()
2018-11-13 17:18:39.596 |-INFO  [restartedMain] org.springframework.web.servlet.mvc.method.annotation.RequestMappingHandlerMapping [543] -| Mapped "{[/helloworld3]}" onto public java.lang.String com.wndz.application.HelloController.hello3(java.util.Map<java.lang.String, java.lang.String>)
2018-11-13 17:18:39.596 |-INFO  [restartedMain] org.springframework.web.servlet.mvc.method.annotation.RequestMappingHandlerMapping [543] -| Mapped "{[/helloworld2]}" onto public java.lang.String com.wndz.application.HelloController.hello2()
2018-11-13 17:18:39.596 |-INFO  [restartedMain] org.springframework.web.servlet.mvc.method.annotation.RequestMappingHandlerMapping [543] -| Mapped "{[/pub/{name}],methods=[GET]}" onto public com.wndz.bean.Wndz com.wndz.application.HelloController.pub(java.lang.String)
2018-11-13 17:18:39.596 |-INFO  [restartedMain] org.springframework.web.servlet.mvc.method.annotation.RequestMappingHandlerMapping [543] -| Mapped "{[/swagger-resources]}" onto public org.springframework.http.ResponseEntity<java.util.List<springfox.documentation.swagger.web.SwaggerResource>> springfox.documentation.swagger.web.ApiResourceController.swaggerResources()
2018-11-13 17:18:39.596 |-INFO  [restartedMain] org.springframework.web.servlet.mvc.method.annotation.RequestMappingHandlerMapping [543] -| Mapped "{[/swagger-resources/configuration/ui]}" onto public org.springframework.http.ResponseEntity<springfox.documentation.swagger.web.UiConfiguration> springfox.documentation.swagger.web.ApiResourceController.uiConfiguration()
2018-11-13 17:18:39.612 |-INFO  [restartedMain] org.springframework.web.servlet.mvc.method.annotation.RequestMappingHandlerMapping [543] -| Mapped "{[/swagger-resources/configuration/security]}" onto public org.springframework.http.ResponseEntity<springfox.documentation.swagger.web.SecurityConfiguration> springfox.documentation.swagger.web.ApiResourceController.securityConfiguration()
2018-11-13 17:18:39.612 |-INFO  [restartedMain] org.springframework.web.servlet.mvc.method.annotation.RequestMappingHandlerMapping [543] -| Mapped "{[/error]}" onto public org.springframework.http.ResponseEntity<java.util.Map<java.lang.String, java.lang.Object>> org.springframework.boot.autoconfigure.web.BasicErrorController.error(javax.servlet.http.HttpServletRequest)
2018-11-13 17:18:39.612 |-INFO  [restartedMain] org.springframework.web.servlet.mvc.method.annotation.RequestMappingHandlerMapping [543] -| Mapped "{[/error],produces=[text/html]}" onto public org.springframework.web.servlet.ModelAndView org.springframework.boot.autoconfigure.web.BasicErrorController.errorHtml(javax.servlet.http.HttpServletRequest,javax.servlet.http.HttpServletResponse)
2018-11-13 17:18:39.812 |-INFO  [restartedMain] springfox.documentation.spring.web.PropertySourcedRequestMappingHandlerMapping [69] -| Mapped URL path [/v2/api-docs] onto method [public org.springframework.http.ResponseEntity<springfox.documentation.spring.web.json.Json> springfox.documentation.swagger2.web.Swagger2Controller.getDocumentation(java.lang.String,javax.servlet.http.HttpServletRequest)]
2018-11-13 17:18:39.905 |-INFO  [restartedMain] org.springframework.scheduling.concurrent.ThreadPoolTaskScheduler [165] -| Initializing ExecutorService  'defaultSockJsTaskScheduler'
2018-11-13 17:18:39.931 |-INFO  [restartedMain] org.springframework.web.socket.server.support.WebSocketHandlerMapping [362] -| Mapped URL path [/webSocketServer/*] onto handler of type [class org.springframework.web.socket.server.support.WebSocketHttpRequestHandler]
2018-11-13 17:18:40.090 |-INFO  [restartedMain] org.springframework.web.servlet.mvc.method.annotation.RequestMappingHandlerAdapter [534] -| Looking for @ControllerAdvice: org.springframework.boot.context.embedded.AnnotationConfigEmbeddedWebApplicationContext@30440fdc: startup date [Tue Nov 13 17:18:36 CST 2018]; root of context hierarchy
2018-11-13 17:18:40.176 |-INFO  [restartedMain] org.springframework.web.servlet.handler.SimpleUrlHandlerMapping [362] -| Mapped URL path [/webjars/**] onto handler of type [class org.springframework.web.servlet.resource.ResourceHttpRequestHandler]
2018-11-13 17:18:40.177 |-INFO  [restartedMain] org.springframework.web.servlet.handler.SimpleUrlHandlerMapping [362] -| Mapped URL path [/**] onto handler of type [class org.springframework.web.servlet.resource.ResourceHttpRequestHandler]
2018-11-13 17:18:40.196 |-INFO  [restartedMain] org.springframework.web.servlet.mvc.method.annotation.ExceptionHandlerExceptionResolver [273] -| Detected @ExceptionHandler methods in globalDefaultExceptionHandler
2018-11-13 17:18:40.265 |-INFO  [restartedMain] org.springframework.web.servlet.handler.SimpleUrlHandlerMapping [362] -| Mapped URL path [/**/favicon.ico] onto handler of type [class org.springframework.web.servlet.resource.ResourceHttpRequestHandler]
2018-11-13 17:18:41.004 |-INFO  [restartedMain] org.springframework.boot.devtools.autoconfigure.OptionalLiveReloadServer [58] -| LiveReload server is running on port 35729
2018-11-13 17:18:41.048 |-INFO  [restartedMain] org.springframework.jmx.export.annotation.AnnotationMBeanExporter [431] -| Registering beans for JMX exposure on startup
2018-11-13 17:18:41.055 |-INFO  [restartedMain] org.springframework.context.support.DefaultLifecycleProcessor [343] -| Starting beans in phase 2147483647
2018-11-13 17:18:41.056 |-INFO  [restartedMain] springfox.documentation.spring.web.plugins.DocumentationPluginsBootstrapper [147] -| Context refreshed
2018-11-13 17:18:41.075 |-INFO  [restartedMain] springfox.documentation.spring.web.plugins.DocumentationPluginsBootstrapper [150] -| Found 1 custom documentation plugin(s)
2018-11-13 17:18:41.105 |-INFO  [restartedMain] springfox.documentation.spring.web.scanners.ApiListingReferenceScanner [41] -| Scanning for api listing references
2018-11-13 17:18:41.213 |-WARN  [restartedMain] springfox.documentation.spring.web.readers.parameter.ParameterDataTypeReader [86] -| Trying to infer dataType java.util.Map<java.lang.String,java.lang.String>
2018-11-13 17:18:41.220 |-WARN  [restartedMain] springfox.documentation.spring.web.readers.parameter.ParameterDataTypeReader [86] -| Trying to infer dataType java.util.Map<java.lang.String,java.lang.String>
2018-11-13 17:18:41.223 |-WARN  [restartedMain] springfox.documentation.spring.web.readers.parameter.ParameterDataTypeReader [86] -| Trying to infer dataType java.util.Map<java.lang.String,java.lang.String>
2018-11-13 17:18:41.227 |-WARN  [restartedMain] springfox.documentation.spring.web.readers.parameter.ParameterDataTypeReader [86] -| Trying to infer dataType java.util.Map<java.lang.String,java.lang.String>
2018-11-13 17:18:41.230 |-WARN  [restartedMain] springfox.documentation.spring.web.readers.parameter.ParameterDataTypeReader [86] -| Trying to infer dataType java.util.Map<java.lang.String,java.lang.String>
2018-11-13 17:18:41.234 |-WARN  [restartedMain] springfox.documentation.spring.web.readers.parameter.ParameterDataTypeReader [86] -| Trying to infer dataType java.util.Map<java.lang.String,java.lang.String>
2018-11-13 17:18:41.238 |-WARN  [restartedMain] springfox.documentation.spring.web.readers.parameter.ParameterDataTypeReader [86] -| Trying to infer dataType java.util.Map<java.lang.String,java.lang.String>
2018-11-13 17:18:41.241 |-WARN  [restartedMain] springfox.documentation.spring.web.readers.parameter.ParameterDataTypeReader [86] -| Trying to infer dataType java.util.Map<java.lang.String,java.lang.String>
2018-11-13 17:18:41.400 |-INFO  [restartedMain] org.apache.coyote.http11.Http11NioProtocol [179] -| Initializing ProtocolHandler ["http-nio-8080"]
2018-11-13 17:18:41.412 |-INFO  [restartedMain] org.apache.coyote.http11.Http11NioProtocol [179] -| Starting ProtocolHandler ["http-nio-8080"]
2018-11-13 17:18:41.422 |-INFO  [restartedMain] org.apache.tomcat.util.net.NioSelectorPool [179] -| Using a shared selector for servlet write/read
2018-11-13 17:18:41.442 |-INFO  [restartedMain] org.springframework.boot.context.embedded.tomcat.TomcatEmbeddedServletContainer [201] -| Tomcat started on port(s): 8080 (http)
2018-11-13 17:18:41.450 |-INFO  [restartedMain] com.wndz.application.WndzApplication [57] -| Started WndzApplication in 5.905 seconds (JVM running for 6.312)
2018-11-13 17:18:57.554 |-INFO  [http-nio-8080-exec-1] org.apache.catalina.core.ContainerBase.[Tomcat].[localhost].[/] [179] -| Initializing Spring FrameworkServlet 'dispatcherServlet'
2018-11-13 17:18:57.554 |-INFO  [http-nio-8080-exec-1] org.springframework.web.servlet.DispatcherServlet [489] -| FrameworkServlet 'dispatcherServlet': initialization started
2018-11-13 17:18:57.587 |-INFO  [http-nio-8080-exec-1] org.springframework.web.servlet.DispatcherServlet [508] -| FrameworkServlet 'dispatcherServlet': initialization completed in 33 ms
2018-11-13 17:18:57.649 |-INFO  [http-nio-8080-exec-1] org.thymeleaf.TemplateEngine [825] -| [THYMELEAF] INITIALIZING TEMPLATE ENGINE
2018-11-13 17:18:57.693 |-INFO  [http-nio-8080-exec-1] org.thymeleaf.templateresolver.AbstractTemplateResolver [99] -| [THYMELEAF] INITIALIZING TEMPLATE RESOLVER: org.thymeleaf.spring4.templateresolver.SpringResourceTemplateResolver
2018-11-13 17:18:57.693 |-INFO  [http-nio-8080-exec-1] org.thymeleaf.templateresolver.AbstractTemplateResolver [110] -| [THYMELEAF] TEMPLATE RESOLVER INITIALIZED OK
2018-11-13 17:18:57.693 |-INFO  [http-nio-8080-exec-1] org.thymeleaf.messageresolver.AbstractMessageResolver [72] -| [THYMELEAF] INITIALIZING MESSAGE RESOLVER: org.thymeleaf.spring4.messageresolver.SpringMessageResolver
2018-11-13 17:18:57.693 |-INFO  [http-nio-8080-exec-1] org.thymeleaf.messageresolver.AbstractMessageResolver [78] -| [THYMELEAF] MESSAGE RESOLVER INITIALIZED OK
2018-11-13 17:18:57.697 |-INFO  [http-nio-8080-exec-1] org.thymeleaf.TemplateEngine.CONFIG [123] -| [THYMELEAF] TEMPLATE ENGINE CONFIGURATION:
[THYMELEAF] * Cache Factory implementation: org.thymeleaf.cache.StandardCacheManager
[THYMELEAF] * Template modes:
[THYMELEAF]     * XML
[THYMELEAF]     * VALIDXML
[THYMELEAF]     * HTML5
[THYMELEAF]     * LEGACYHTML5
[THYMELEAF]     * VALIDXHTML
[THYMELEAF]     * XHTML
[THYMELEAF] * Template resolvers (in order):
[THYMELEAF]     * org.thymeleaf.spring4.templateresolver.SpringResourceTemplateResolver
[THYMELEAF] * Message resolvers (in order):
[THYMELEAF]     * org.thymeleaf.spring4.messageresolver.SpringMessageResolver
[THYMELEAF] * Dialect [1 of 2]: org.thymeleaf.spring4.dialect.SpringStandardDialect
[THYMELEAF]     * Prefix: "th"
[THYMELEAF] * Dialect [2 of 2]: nz.net.ultraq.thymeleaf.LayoutDialect
[THYMELEAF]     * Prefix: "layout"
[THYMELEAF] TEMPLATE ENGINE CONFIGURED OK
2018-11-13 17:18:57.697 |-INFO  [http-nio-8080-exec-1] org.thymeleaf.TemplateEngine [838] -| [THYMELEAF] TEMPLATE ENGINE INITIALIZED
